{"C:\\Users\\Icezaza\\Documents\\GitHub\\FinDashAI\\src\\components\\CategoryManager.jsx": {"path":"C:\\Users\\Icezaza\\Documents\\GitHub\\FinDashAI\\src\\components\\CategoryManager.jsx","statementMap":{"0":{"start":{"line":6,"column":19},"end":{"line":6,"column":null}},"1":{"start":{"line":7,"column":22},"end":{"line":7,"column":null}},"2":{"start":{"line":8,"column":20},"end":{"line":8,"column":null}},"3":{"start":{"line":9,"column":23},"end":{"line":9,"column":null}},"4":{"start":{"line":10,"column":15},"end":{"line":10,"column":null}},"5":{"start":{"line":11,"column":15},"end":{"line":11,"column":null}},"6":{"start":{"line":12,"column":28},"end":{"line":12,"column":null}},"7":{"start":{"line":13,"column":24},"end":{"line":13,"column":null}},"8":{"start":{"line":14,"column":24},"end":{"line":14,"column":null}},"9":{"start":{"line":15,"column":20},"end":{"line":15,"column":null}},"10":{"start":{"line":17,"column":8},"end":{"line":20,"column":null}},"11":{"start":{"line":18,"column":4},"end":{"line":18,"column":null}},"12":{"start":{"line":19,"column":4},"end":{"line":19,"column":null}},"13":{"start":{"line":19,"column":28},"end":{"line":19,"column":41}},"14":{"start":{"line":22,"column":8},"end":{"line":24,"column":null}},"15":{"start":{"line":23,"column":4},"end":{"line":23,"column":null}},"16":{"start":{"line":23,"column":19},"end":{"line":23,"column":null}},"17":{"start":{"line":26,"column":31},"end":{"line":40,"column":null}},"18":{"start":{"line":27,"column":4},"end":{"line":27,"column":null}},"19":{"start":{"line":28,"column":4},"end":{"line":28,"column":null}},"20":{"start":{"line":28,"column":26},"end":{"line":28,"column":null}},"21":{"start":{"line":29,"column":4},"end":{"line":29,"column":null}},"22":{"start":{"line":30,"column":4},"end":{"line":39,"column":null}},"23":{"start":{"line":31,"column":6},"end":{"line":31,"column":null}},"24":{"start":{"line":32,"column":6},"end":{"line":32,"column":null}},"25":{"start":{"line":33,"column":6},"end":{"line":33,"column":null}},"26":{"start":{"line":34,"column":6},"end":{"line":34,"column":null}},"27":{"start":{"line":36,"column":6},"end":{"line":36,"column":null}},"28":{"start":{"line":38,"column":6},"end":{"line":38,"column":null}},"29":{"start":{"line":42,"column":31},"end":{"line":54,"column":null}},"30":{"start":{"line":43,"column":4},"end":{"line":43,"column":null}},"31":{"start":{"line":43,"column":80},"end":{"line":43,"column":null}},"32":{"start":{"line":44,"column":4},"end":{"line":44,"column":null}},"33":{"start":{"line":45,"column":4},"end":{"line":53,"column":null}},"34":{"start":{"line":46,"column":6},"end":{"line":46,"column":null}},"35":{"start":{"line":47,"column":6},"end":{"line":47,"column":null}},"36":{"start":{"line":48,"column":6},"end":{"line":48,"column":null}},"37":{"start":{"line":50,"column":6},"end":{"line":50,"column":null}},"38":{"start":{"line":52,"column":6},"end":{"line":52,"column":null}},"39":{"start":{"line":56,"column":8},"end":{"line":60,"column":null}},"40":{"start":{"line":57,"column":4},"end":{"line":57,"column":null}},"41":{"start":{"line":58,"column":4},"end":{"line":58,"column":null}},"42":{"start":{"line":59,"column":4},"end":{"line":59,"column":null}},"43":{"start":{"line":62,"column":8},"end":{"line":65,"column":null}},"44":{"start":{"line":63,"column":4},"end":{"line":63,"column":null}},"45":{"start":{"line":64,"column":4},"end":{"line":64,"column":null}},"46":{"start":{"line":67,"column":31},"end":{"line":80,"column":null}},"47":{"start":{"line":68,"column":4},"end":{"line":68,"column":null}},"48":{"start":{"line":68,"column":31},"end":{"line":68,"column":null}},"49":{"start":{"line":69,"column":4},"end":{"line":69,"column":null}},"50":{"start":{"line":70,"column":4},"end":{"line":79,"column":null}},"51":{"start":{"line":71,"column":6},"end":{"line":71,"column":null}},"52":{"start":{"line":72,"column":6},"end":{"line":72,"column":null}},"53":{"start":{"line":73,"column":6},"end":{"line":73,"column":null}},"54":{"start":{"line":74,"column":6},"end":{"line":74,"column":null}},"55":{"start":{"line":76,"column":6},"end":{"line":76,"column":null}},"56":{"start":{"line":78,"column":6},"end":{"line":78,"column":null}},"57":{"start":{"line":82,"column":27},"end":{"line":100,"column":null}},"58":{"start":{"line":83,"column":4},"end":{"line":83,"column":null}},"59":{"start":{"line":84,"column":4},"end":{"line":84,"column":null}},"60":{"start":{"line":84,"column":43},"end":{"line":84,"column":null}},"61":{"start":{"line":85,"column":4},"end":{"line":85,"column":null}},"62":{"start":{"line":86,"column":4},"end":{"line":99,"column":null}},"63":{"start":{"line":87,"column":6},"end":{"line":91,"column":null}},"64":{"start":{"line":92,"column":6},"end":{"line":92,"column":null}},"65":{"start":{"line":93,"column":6},"end":{"line":93,"column":null}},"66":{"start":{"line":94,"column":6},"end":{"line":94,"column":null}},"67":{"start":{"line":96,"column":6},"end":{"line":96,"column":null}},"68":{"start":{"line":98,"column":6},"end":{"line":98,"column":null}},"69":{"start":{"line":102,"column":27},"end":{"line":114,"column":null}},"70":{"start":{"line":103,"column":4},"end":{"line":103,"column":null}},"71":{"start":{"line":103,"column":48},"end":{"line":103,"column":null}},"72":{"start":{"line":104,"column":4},"end":{"line":104,"column":null}},"73":{"start":{"line":105,"column":4},"end":{"line":113,"column":null}},"74":{"start":{"line":106,"column":6},"end":{"line":106,"column":null}},"75":{"start":{"line":107,"column":6},"end":{"line":107,"column":null}},"76":{"start":{"line":108,"column":6},"end":{"line":108,"column":null}},"77":{"start":{"line":110,"column":6},"end":{"line":110,"column":null}},"78":{"start":{"line":112,"column":6},"end":{"line":112,"column":null}},"79":{"start":{"line":116,"column":8},"end":{"line":116,"column":null}},"80":{"start":{"line":116,"column":38},"end":{"line":116,"column":null}},"81":{"start":{"line":118,"column":8},"end":{"line":126,"column":null}},"82":{"start":{"line":119,"column":4},"end":{"line":119,"column":null}},"83":{"start":{"line":120,"column":4},"end":{"line":120,"column":null}},"84":{"start":{"line":121,"column":4},"end":{"line":125,"column":null}},"85":{"start":{"line":128,"column":8},"end":{"line":131,"column":null}},"86":{"start":{"line":129,"column":4},"end":{"line":129,"column":null}},"87":{"start":{"line":130,"column":4},"end":{"line":130,"column":null}},"88":{"start":{"line":133,"column":27},"end":{"line":150,"column":null}},"89":{"start":{"line":134,"column":4},"end":{"line":134,"column":null}},"90":{"start":{"line":134,"column":61},"end":{"line":134,"column":null}},"91":{"start":{"line":135,"column":4},"end":{"line":135,"column":null}},"92":{"start":{"line":136,"column":4},"end":{"line":149,"column":null}},"93":{"start":{"line":137,"column":6},"end":{"line":141,"column":null}},"94":{"start":{"line":142,"column":6},"end":{"line":142,"column":null}},"95":{"start":{"line":143,"column":6},"end":{"line":143,"column":null}},"96":{"start":{"line":144,"column":6},"end":{"line":144,"column":null}},"97":{"start":{"line":146,"column":6},"end":{"line":146,"column":null}},"98":{"start":{"line":148,"column":6},"end":{"line":148,"column":null}},"99":{"start":{"line":152,"column":29},"end":{"line":164,"column":null}},"100":{"start":{"line":153,"column":4},"end":{"line":153,"column":null}},"101":{"start":{"line":153,"column":133},"end":{"line":153,"column":null}},"102":{"start":{"line":154,"column":4},"end":{"line":154,"column":null}},"103":{"start":{"line":155,"column":4},"end":{"line":163,"column":null}},"104":{"start":{"line":156,"column":18},"end":{"line":156,"column":null}},"105":{"start":{"line":157,"column":6},"end":{"line":157,"column":null}},"106":{"start":{"line":158,"column":6},"end":{"line":158,"column":null}},"107":{"start":{"line":160,"column":6},"end":{"line":160,"column":null}},"108":{"start":{"line":162,"column":6},"end":{"line":162,"column":null}},"109":{"start":{"line":166,"column":22},"end":{"line":166,"column":null}},"110":{"start":{"line":166,"column":42},"end":{"line":166,"column":85}},"111":{"start":{"line":167,"column":8},"end":{"line":167,"column":null}},"112":{"start":{"line":167,"column":31},"end":{"line":167,"column":null}},"113":{"start":{"line":169,"column":2},"end":{"line":364,"column":null}},"114":{"start":{"line":176,"column":71},"end":{"line":176,"column":98}},"115":{"start":{"line":190,"column":31},"end":{"line":190,"column":null}},"116":{"start":{"line":207,"column":31},"end":{"line":207,"column":null}},"117":{"start":{"line":214,"column":31},"end":{"line":214,"column":null}},"118":{"start":{"line":218,"column":16},"end":{"line":218,"column":null}},"119":{"start":{"line":224,"column":31},"end":{"line":224,"column":null}},"120":{"start":{"line":246,"column":31},"end":{"line":246,"column":null}},"121":{"start":{"line":247,"column":32},"end":{"line":247,"column":null}},"122":{"start":{"line":248,"column":14},"end":{"line":282,"column":null}},"123":{"start":{"line":255,"column":41},"end":{"line":255,"column":null}},"124":{"start":{"line":259,"column":88},"end":{"line":259,"column":116}},"125":{"start":{"line":272,"column":84},"end":{"line":272,"column":106}},"126":{"start":{"line":275,"column":91},"end":{"line":275,"column":128}},"127":{"start":{"line":293,"column":26},"end":{"line":293,"column":null}},"128":{"start":{"line":293,"column":49},"end":{"line":293,"column":78}},"129":{"start":{"line":294,"column":26},"end":{"line":294,"column":null}},"130":{"start":{"line":295,"column":32},"end":{"line":295,"column":null}},"131":{"start":{"line":296,"column":14},"end":{"line":350,"column":null}},"132":{"start":{"line":303,"column":41},"end":{"line":303,"column":null}},"133":{"start":{"line":303,"column":66},"end":{"line":303,"column":104}},"134":{"start":{"line":309,"column":41},"end":{"line":309,"column":null}},"135":{"start":{"line":309,"column":66},"end":{"line":309,"column":108}},"136":{"start":{"line":313,"column":26},"end":{"line":313,"column":null}},"137":{"start":{"line":322,"column":41},"end":{"line":322,"column":null}},"138":{"start":{"line":322,"column":66},"end":{"line":322,"column":119}},"139":{"start":{"line":325,"column":88},"end":{"line":325,"column":112}},"140":{"start":{"line":339,"column":84},"end":{"line":339,"column":102}},"141":{"start":{"line":342,"column":91},"end":{"line":342,"column":126}},"142":{"start":{"line":359,"column":71},"end":{"line":359,"column":97}}},"fnMap":{"0":{"name":"CategoryManager","decl":{"start":{"line":5,"column":24},"end":{"line":5,"column":40}},"loc":{"start":{"line":5,"column":84},"end":{"line":366,"column":null}},"line":5},"1":{"name":"(anonymous_1)","decl":{"start":{"line":17,"column":8},"end":{"line":17,"column":20}},"loc":{"start":{"line":17,"column":36},"end":{"line":20,"column":null}},"line":17},"2":{"name":"(anonymous_2)","decl":{"start":{"line":19,"column":11},"end":{"line":19,"column":28}},"loc":{"start":{"line":19,"column":28},"end":{"line":19,"column":41}},"line":19},"3":{"name":"(anonymous_3)","decl":{"start":{"line":22,"column":8},"end":{"line":22,"column":24}},"loc":{"start":{"line":22,"column":24},"end":{"line":24,"column":null}},"line":22},"4":{"name":"(anonymous_4)","decl":{"start":{"line":26,"column":31},"end":{"line":26,"column":38}},"loc":{"start":{"line":26,"column":44},"end":{"line":40,"column":null}},"line":26},"5":{"name":"(anonymous_5)","decl":{"start":{"line":42,"column":31},"end":{"line":42,"column":38}},"loc":{"start":{"line":42,"column":52},"end":{"line":54,"column":null}},"line":42},"6":{"name":"(anonymous_6)","decl":{"start":{"line":56,"column":8},"end":{"line":56,"column":29}},"loc":{"start":{"line":56,"column":42},"end":{"line":60,"column":null}},"line":56},"7":{"name":"(anonymous_7)","decl":{"start":{"line":62,"column":8},"end":{"line":62,"column":35}},"loc":{"start":{"line":62,"column":35},"end":{"line":65,"column":null}},"line":62},"8":{"name":"(anonymous_8)","decl":{"start":{"line":67,"column":31},"end":{"line":67,"column":38}},"loc":{"start":{"line":67,"column":45},"end":{"line":80,"column":null}},"line":67},"9":{"name":"(anonymous_9)","decl":{"start":{"line":82,"column":27},"end":{"line":82,"column":34}},"loc":{"start":{"line":82,"column":40},"end":{"line":100,"column":null}},"line":82},"10":{"name":"(anonymous_10)","decl":{"start":{"line":102,"column":27},"end":{"line":102,"column":34}},"loc":{"start":{"line":102,"column":50},"end":{"line":114,"column":null}},"line":102},"11":{"name":"(anonymous_11)","decl":{"start":{"line":116,"column":8},"end":{"line":116,"column":29}},"loc":{"start":{"line":116,"column":38},"end":{"line":116,"column":null}},"line":116},"12":{"name":"(anonymous_12)","decl":{"start":{"line":118,"column":8},"end":{"line":118,"column":25}},"loc":{"start":{"line":118,"column":34},"end":{"line":126,"column":null}},"line":118},"13":{"name":"(anonymous_13)","decl":{"start":{"line":128,"column":8},"end":{"line":128,"column":31}},"loc":{"start":{"line":128,"column":31},"end":{"line":131,"column":null}},"line":128},"14":{"name":"(anonymous_14)","decl":{"start":{"line":133,"column":27},"end":{"line":133,"column":34}},"loc":{"start":{"line":133,"column":41},"end":{"line":150,"column":null}},"line":133},"15":{"name":"(anonymous_15)","decl":{"start":{"line":152,"column":29},"end":{"line":152,"column":36}},"loc":{"start":{"line":152,"column":54},"end":{"line":164,"column":null}},"line":152},"16":{"name":"(anonymous_16)","decl":{"start":{"line":166,"column":33},"end":{"line":166,"column":39}},"loc":{"start":{"line":166,"column":42},"end":{"line":166,"column":85}},"line":166},"17":{"name":"(anonymous_17)","decl":{"start":{"line":167,"column":8},"end":{"line":167,"column":25}},"loc":{"start":{"line":167,"column":31},"end":{"line":167,"column":null}},"line":167},"18":{"name":"(anonymous_18)","decl":{"start":{"line":176,"column":56},"end":{"line":176,"column":71}},"loc":{"start":{"line":176,"column":71},"end":{"line":176,"column":98}},"line":176},"19":{"name":"(anonymous_19)","decl":{"start":{"line":190,"column":14},"end":{"line":190,"column":25}},"loc":{"start":{"line":190,"column":31},"end":{"line":190,"column":null}},"line":190},"20":{"name":"(anonymous_20)","decl":{"start":{"line":207,"column":14},"end":{"line":207,"column":25}},"loc":{"start":{"line":207,"column":31},"end":{"line":207,"column":null}},"line":207},"21":{"name":"(anonymous_21)","decl":{"start":{"line":214,"column":14},"end":{"line":214,"column":25}},"loc":{"start":{"line":214,"column":31},"end":{"line":214,"column":null}},"line":214},"22":{"name":"(anonymous_22)","decl":{"start":{"line":217,"column":26},"end":{"line":217,"column":31}},"loc":{"start":{"line":218,"column":16},"end":{"line":218,"column":null}},"line":218},"23":{"name":"(anonymous_23)","decl":{"start":{"line":224,"column":14},"end":{"line":224,"column":25}},"loc":{"start":{"line":224,"column":31},"end":{"line":224,"column":null}},"line":224},"24":{"name":"(anonymous_24)","decl":{"start":{"line":245,"column":24},"end":{"line":245,"column":29}},"loc":{"start":{"line":245,"column":35},"end":{"line":284,"column":13}},"line":245},"25":{"name":"(anonymous_25)","decl":{"start":{"line":255,"column":24},"end":{"line":255,"column":35}},"loc":{"start":{"line":255,"column":41},"end":{"line":255,"column":null}},"line":255},"26":{"name":"(anonymous_26)","decl":{"start":{"line":259,"column":73},"end":{"line":259,"column":88}},"loc":{"start":{"line":259,"column":88},"end":{"line":259,"column":116}},"line":259},"27":{"name":"(anonymous_27)","decl":{"start":{"line":272,"column":69},"end":{"line":272,"column":84}},"loc":{"start":{"line":272,"column":84},"end":{"line":272,"column":106}},"line":272},"28":{"name":"(anonymous_28)","decl":{"start":{"line":275,"column":76},"end":{"line":275,"column":91}},"loc":{"start":{"line":275,"column":91},"end":{"line":275,"column":128}},"line":275},"29":{"name":"(anonymous_29)","decl":{"start":{"line":292,"column":25},"end":{"line":292,"column":30}},"loc":{"start":{"line":292,"column":36},"end":{"line":352,"column":13}},"line":292},"30":{"name":"(anonymous_30)","decl":{"start":{"line":293,"column":37},"end":{"line":293,"column":43}},"loc":{"start":{"line":293,"column":49},"end":{"line":293,"column":78}},"line":293},"31":{"name":"(anonymous_31)","decl":{"start":{"line":303,"column":24},"end":{"line":303,"column":35}},"loc":{"start":{"line":303,"column":41},"end":{"line":303,"column":null}},"line":303},"32":{"name":"(anonymous_32)","decl":{"start":{"line":303,"column":41},"end":{"line":303,"column":55}},"loc":{"start":{"line":303,"column":66},"end":{"line":303,"column":104}},"line":303},"33":{"name":"(anonymous_33)","decl":{"start":{"line":309,"column":24},"end":{"line":309,"column":35}},"loc":{"start":{"line":309,"column":41},"end":{"line":309,"column":null}},"line":309},"34":{"name":"(anonymous_34)","decl":{"start":{"line":309,"column":41},"end":{"line":309,"column":55}},"loc":{"start":{"line":309,"column":66},"end":{"line":309,"column":108}},"line":309},"35":{"name":"(anonymous_35)","decl":{"start":{"line":312,"column":36},"end":{"line":312,"column":41}},"loc":{"start":{"line":313,"column":26},"end":{"line":313,"column":null}},"line":313},"36":{"name":"(anonymous_36)","decl":{"start":{"line":322,"column":24},"end":{"line":322,"column":35}},"loc":{"start":{"line":322,"column":41},"end":{"line":322,"column":null}},"line":322},"37":{"name":"(anonymous_37)","decl":{"start":{"line":322,"column":41},"end":{"line":322,"column":55}},"loc":{"start":{"line":322,"column":66},"end":{"line":322,"column":119}},"line":322},"38":{"name":"(anonymous_38)","decl":{"start":{"line":325,"column":73},"end":{"line":325,"column":88}},"loc":{"start":{"line":325,"column":88},"end":{"line":325,"column":112}},"line":325},"39":{"name":"(anonymous_39)","decl":{"start":{"line":339,"column":69},"end":{"line":339,"column":84}},"loc":{"start":{"line":339,"column":84},"end":{"line":339,"column":102}},"line":339},"40":{"name":"(anonymous_40)","decl":{"start":{"line":342,"column":76},"end":{"line":342,"column":91}},"loc":{"start":{"line":342,"column":91},"end":{"line":342,"column":126}},"line":342},"41":{"name":"(anonymous_41)","decl":{"start":{"line":359,"column":56},"end":{"line":359,"column":71}},"loc":{"start":{"line":359,"column":71},"end":{"line":359,"column":97}},"line":359}},"branchMap":{"0":{"loc":{"start":{"line":5,"column":42},"end":{"line":5,"column":59}},"type":"default-arg","locations":[{"start":{"line":5,"column":55},"end":{"line":5,"column":59}}],"line":5},"1":{"loc":{"start":{"line":5,"column":59},"end":{"line":5,"column":71}},"type":"default-arg","locations":[{"start":{"line":5,"column":67},"end":{"line":5,"column":71}}],"line":5},"2":{"loc":{"start":{"line":8,"column":45},"end":{"line":8,"column":79}},"type":"binary-expr","locations":[{"start":{"line":8,"column":45},"end":{"line":8,"column":68}},{"start":{"line":8,"column":68},"end":{"line":8,"column":79}}],"line":8},"3":{"loc":{"start":{"line":17,"column":23},"end":{"line":17,"column":36}},"type":"default-arg","locations":[{"start":{"line":17,"column":27},"end":{"line":17,"column":36}}],"line":17},"4":{"loc":{"start":{"line":23,"column":4},"end":{"line":23,"column":null}},"type":"if","locations":[{"start":{"line":23,"column":4},"end":{"line":23,"column":null}},{"start":{},"end":{}}],"line":23},"5":{"loc":{"start":{"line":28,"column":4},"end":{"line":28,"column":null}},"type":"if","locations":[{"start":{"line":28,"column":4},"end":{"line":28,"column":null}},{"start":{},"end":{}}],"line":28},"6":{"loc":{"start":{"line":36,"column":15},"end":{"line":36,"column":51}},"type":"binary-expr","locations":[{"start":{"line":36,"column":15},"end":{"line":36,"column":31}},{"start":{"line":36,"column":31},"end":{"line":36,"column":51}}],"line":36},"7":{"loc":{"start":{"line":43,"column":4},"end":{"line":43,"column":null}},"type":"if","locations":[{"start":{"line":43,"column":4},"end":{"line":43,"column":null}},{"start":{},"end":{}}],"line":43},"8":{"loc":{"start":{"line":50,"column":15},"end":{"line":50,"column":64}},"type":"binary-expr","locations":[{"start":{"line":50,"column":15},"end":{"line":50,"column":31}},{"start":{"line":50,"column":31},"end":{"line":50,"column":64}}],"line":50},"9":{"loc":{"start":{"line":59,"column":21},"end":{"line":59,"column":41}},"type":"binary-expr","locations":[{"start":{"line":59,"column":21},"end":{"line":59,"column":39}},{"start":{"line":59,"column":39},"end":{"line":59,"column":41}}],"line":59},"10":{"loc":{"start":{"line":68,"column":4},"end":{"line":68,"column":null}},"type":"if","locations":[{"start":{"line":68,"column":4},"end":{"line":68,"column":null}},{"start":{},"end":{}}],"line":68},"11":{"loc":{"start":{"line":76,"column":15},"end":{"line":76,"column":51}},"type":"binary-expr","locations":[{"start":{"line":76,"column":15},"end":{"line":76,"column":31}},{"start":{"line":76,"column":31},"end":{"line":76,"column":51}}],"line":76},"12":{"loc":{"start":{"line":84,"column":4},"end":{"line":84,"column":null}},"type":"if","locations":[{"start":{"line":84,"column":4},"end":{"line":84,"column":null}},{"start":{},"end":{}}],"line":84},"13":{"loc":{"start":{"line":84,"column":8},"end":{"line":84,"column":43}},"type":"binary-expr","locations":[{"start":{"line":84,"column":8},"end":{"line":84,"column":31}},{"start":{"line":84,"column":31},"end":{"line":84,"column":43}}],"line":84},"14":{"loc":{"start":{"line":96,"column":15},"end":{"line":96,"column":49}},"type":"binary-expr","locations":[{"start":{"line":96,"column":15},"end":{"line":96,"column":31}},{"start":{"line":96,"column":31},"end":{"line":96,"column":49}}],"line":96},"15":{"loc":{"start":{"line":103,"column":4},"end":{"line":103,"column":null}},"type":"if","locations":[{"start":{"line":103,"column":4},"end":{"line":103,"column":null}},{"start":{},"end":{}}],"line":103},"16":{"loc":{"start":{"line":110,"column":15},"end":{"line":110,"column":46}},"type":"binary-expr","locations":[{"start":{"line":110,"column":15},"end":{"line":110,"column":31}},{"start":{"line":110,"column":31},"end":{"line":110,"column":46}}],"line":110},"17":{"loc":{"start":{"line":116,"column":38},"end":{"line":116,"column":null}},"type":"binary-expr","locations":[{"start":{"line":116,"column":38},"end":{"line":116,"column":58}},{"start":{"line":116,"column":58},"end":{"line":116,"column":77}},{"start":{"line":116,"column":77},"end":{"line":116,"column":null}}],"line":116},"18":{"loc":{"start":{"line":122,"column":15},"end":{"line":122,"column":null}},"type":"binary-expr","locations":[{"start":{"line":122,"column":15},"end":{"line":122,"column":31}},{"start":{"line":122,"column":31},"end":{"line":122,"column":null}}],"line":122},"19":{"loc":{"start":{"line":124,"column":16},"end":{"line":124,"column":null}},"type":"binary-expr","locations":[{"start":{"line":124,"column":16},"end":{"line":124,"column":41}},{"start":{"line":124,"column":41},"end":{"line":124,"column":null}}],"line":124},"20":{"loc":{"start":{"line":134,"column":4},"end":{"line":134,"column":null}},"type":"if","locations":[{"start":{"line":134,"column":4},"end":{"line":134,"column":null}},{"start":{},"end":{}}],"line":134},"21":{"loc":{"start":{"line":134,"column":8},"end":{"line":134,"column":61}},"type":"binary-expr","locations":[{"start":{"line":134,"column":8},"end":{"line":134,"column":37}},{"start":{"line":134,"column":37},"end":{"line":134,"column":61}}],"line":134},"22":{"loc":{"start":{"line":140,"column":18},"end":{"line":140,"column":null}},"type":"binary-expr","locations":[{"start":{"line":140,"column":18},"end":{"line":140,"column":48}},{"start":{"line":140,"column":48},"end":{"line":140,"column":null}}],"line":140},"23":{"loc":{"start":{"line":146,"column":15},"end":{"line":146,"column":49}},"type":"binary-expr","locations":[{"start":{"line":146,"column":15},"end":{"line":146,"column":31}},{"start":{"line":146,"column":31},"end":{"line":146,"column":49}}],"line":146},"24":{"loc":{"start":{"line":152,"column":36},"end":{"line":152,"column":54}},"type":"default-arg","locations":[{"start":{"line":152,"column":44},"end":{"line":152,"column":54}}],"line":152},"25":{"loc":{"start":{"line":153,"column":4},"end":{"line":153,"column":null}},"type":"if","locations":[{"start":{"line":153,"column":4},"end":{"line":153,"column":null}},{"start":{},"end":{}}],"line":153},"26":{"loc":{"start":{"line":153,"column":8},"end":{"line":153,"column":133}},"type":"binary-expr","locations":[{"start":{"line":153,"column":8},"end":{"line":153,"column":18}},{"start":{"line":153,"column":18},"end":{"line":153,"column":133}}],"line":153},"27":{"loc":{"start":{"line":160,"column":15},"end":{"line":160,"column":50}},"type":"binary-expr","locations":[{"start":{"line":160,"column":15},"end":{"line":160,"column":31}},{"start":{"line":160,"column":31},"end":{"line":160,"column":50}}],"line":160},"28":{"loc":{"start":{"line":166,"column":49},"end":{"line":166,"column":69}},"type":"binary-expr","locations":[{"start":{"line":166,"column":49},"end":{"line":166,"column":63}},{"start":{"line":166,"column":63},"end":{"line":166,"column":69}}],"line":166},"29":{"loc":{"start":{"line":166,"column":69},"end":{"line":166,"column":85}},"type":"binary-expr","locations":[{"start":{"line":166,"column":69},"end":{"line":166,"column":83}},{"start":{"line":166,"column":83},"end":{"line":166,"column":85}}],"line":166},"30":{"loc":{"start":{"line":167,"column":39},"end":{"line":167,"column":49}},"type":"binary-expr","locations":[{"start":{"line":167,"column":39},"end":{"line":167,"column":47}},{"start":{"line":167,"column":47},"end":{"line":167,"column":49}}],"line":167},"31":{"loc":{"start":{"line":181,"column":7},"end":{"line":181,"column":null}},"type":"binary-expr","locations":[{"start":{"line":181,"column":7},"end":{"line":181,"column":15}},{"start":{"line":181,"column":15},"end":{"line":181,"column":null}}],"line":181},"32":{"loc":{"start":{"line":194,"column":73},"end":{"line":194,"column":null}},"type":"binary-expr","locations":[{"start":{"line":194,"column":73},"end":{"line":194,"column":81}},{"start":{"line":194,"column":81},"end":{"line":194,"column":null}}],"line":194},"33":{"loc":{"start":{"line":224,"column":47},"end":{"line":224,"column":75}},"type":"binary-expr","locations":[{"start":{"line":224,"column":47},"end":{"line":224,"column":73}},{"start":{"line":224,"column":73},"end":{"line":224,"column":75}}],"line":224},"34":{"loc":{"start":{"line":231,"column":73},"end":{"line":231,"column":null}},"type":"binary-expr","locations":[{"start":{"line":231,"column":73},"end":{"line":231,"column":81}},{"start":{"line":231,"column":81},"end":{"line":231,"column":null}}],"line":231},"35":{"loc":{"start":{"line":244,"column":13},"end":{"line":245,"column":24}},"type":"binary-expr","locations":[{"start":{"line":244,"column":13},"end":{"line":244,"column":40}},{"start":{"line":244,"column":40},"end":{"line":245,"column":24}}],"line":244},"36":{"loc":{"start":{"line":246,"column":31},"end":{"line":246,"column":null}},"type":"binary-expr","locations":[{"start":{"line":246,"column":31},"end":{"line":246,"column":66}},{"start":{"line":246,"column":66},"end":{"line":246,"column":null}}],"line":246},"37":{"loc":{"start":{"line":249,"column":31},"end":{"line":249,"column":64}},"type":"cond-expr","locations":[{"start":{"line":249,"column":43},"end":{"line":249,"column":55}},{"start":{"line":249,"column":55},"end":{"line":249,"column":64}}],"line":249},"38":{"loc":{"start":{"line":250,"column":19},"end":{"line":280,"column":null}},"type":"cond-expr","locations":[{"start":{"line":251,"column":20},"end":{"line":267,"column":null}},{"start":{"line":267,"column":20},"end":{"line":280,"column":null}}],"line":250},"39":{"loc":{"start":{"line":259,"column":126},"end":{"line":259,"column":157}},"type":"binary-expr","locations":[{"start":{"line":259,"column":126},"end":{"line":259,"column":134}},{"start":{"line":259,"column":134},"end":{"line":259,"column":157}}],"line":259},"40":{"loc":{"start":{"line":269,"column":49},"end":{"line":269,"column":86}},"type":"cond-expr","locations":[{"start":{"line":269,"column":60},"end":{"line":269,"column":69}},{"start":{"line":269,"column":69},"end":{"line":269,"column":86}}],"line":269},"41":{"loc":{"start":{"line":270,"column":23},"end":{"line":278,"column":null}},"type":"binary-expr","locations":[{"start":{"line":270,"column":23},"end":{"line":270,"column":null}},{"start":{"line":271,"column":24},"end":{"line":278,"column":null}}],"line":270},"42":{"loc":{"start":{"line":291,"column":13},"end":{"line":292,"column":25}},"type":"binary-expr","locations":[{"start":{"line":291,"column":13},"end":{"line":291,"column":41}},{"start":{"line":291,"column":41},"end":{"line":292,"column":25}}],"line":291},"43":{"loc":{"start":{"line":297,"column":31},"end":{"line":297,"column":77}},"type":"cond-expr","locations":[{"start":{"line":297,"column":43},"end":{"line":297,"column":68}},{"start":{"line":297,"column":68},"end":{"line":297,"column":77}}],"line":297},"44":{"loc":{"start":{"line":298,"column":19},"end":{"line":348,"column":null}},"type":"cond-expr","locations":[{"start":{"line":299,"column":20},"end":{"line":333,"column":null}},{"start":{"line":333,"column":20},"end":{"line":348,"column":null}}],"line":298},"45":{"loc":{"start":{"line":322,"column":88},"end":{"line":322,"column":117}},"type":"binary-expr","locations":[{"start":{"line":322,"column":88},"end":{"line":322,"column":114}},{"start":{"line":322,"column":114},"end":{"line":322,"column":117}}],"line":322},"46":{"loc":{"start":{"line":325,"column":122},"end":{"line":325,"column":157}},"type":"binary-expr","locations":[{"start":{"line":325,"column":122},"end":{"line":325,"column":130}},{"start":{"line":325,"column":130},"end":{"line":325,"column":157}}],"line":325},"47":{"loc":{"start":{"line":335,"column":51},"end":{"line":335,"column":92}},"type":"binary-expr","locations":[{"start":{"line":335,"column":51},"end":{"line":335,"column":65}},{"start":{"line":335,"column":65},"end":{"line":335,"column":92}}],"line":335},"48":{"loc":{"start":{"line":336,"column":49},"end":{"line":336,"column":71}},"type":"binary-expr","locations":[{"start":{"line":336,"column":49},"end":{"line":336,"column":63}},{"start":{"line":336,"column":63},"end":{"line":336,"column":71}}],"line":336},"49":{"loc":{"start":{"line":337,"column":23},"end":{"line":345,"column":null}},"type":"binary-expr","locations":[{"start":{"line":337,"column":23},"end":{"line":337,"column":null}},{"start":{"line":338,"column":24},"end":{"line":345,"column":null}}],"line":337},"50":{"loc":{"start":{"line":347,"column":23},"end":{"line":347,"column":null}},"type":"binary-expr","locations":[{"start":{"line":347,"column":23},"end":{"line":347,"column":30}},{"start":{"line":347,"column":30},"end":{"line":347,"column":null}}],"line":347}},"s":{"0":5,"1":5,"2":5,"3":5,"4":5,"5":5,"6":5,"7":5,"8":5,"9":5,"10":5,"11":1,"12":1,"13":0,"14":5,"15":1,"16":1,"17":5,"18":1,"19":1,"20":0,"21":1,"22":1,"23":1,"24":1,"25":1,"26":1,"27":0,"28":1,"29":5,"30":0,"31":0,"32":0,"33":0,"34":0,"35":0,"36":0,"37":0,"38":0,"39":5,"40":0,"41":0,"42":0,"43":5,"44":0,"45":0,"46":5,"47":0,"48":0,"49":0,"50":0,"51":0,"52":0,"53":0,"54":0,"55":0,"56":0,"57":5,"58":0,"59":0,"60":0,"61":0,"62":0,"63":0,"64":0,"65":0,"66":0,"67":0,"68":0,"69":5,"70":0,"71":0,"72":0,"73":0,"74":0,"75":0,"76":0,"77":0,"78":0,"79":5,"80":5,"81":5,"82":0,"83":0,"84":0,"85":5,"86":0,"87":0,"88":5,"89":0,"90":0,"91":0,"92":0,"93":0,"94":0,"95":0,"96":0,"97":0,"98":0,"99":5,"100":0,"101":0,"102":0,"103":0,"104":0,"105":0,"106":0,"107":0,"108":0,"109":5,"110":0,"111":5,"112":5,"113":5,"114":0,"115":1,"116":0,"117":0,"118":10,"119":0,"120":10,"121":10,"122":10,"123":0,"124":0,"125":0,"126":0,"127":5,"128":5,"129":5,"130":5,"131":5,"132":0,"133":0,"134":0,"135":0,"136":0,"137":0,"138":0,"139":0,"140":0,"141":0,"142":0},"f":{"0":5,"1":1,"2":0,"3":1,"4":1,"5":0,"6":0,"7":0,"8":0,"9":0,"10":0,"11":5,"12":0,"13":0,"14":0,"15":0,"16":0,"17":5,"18":0,"19":1,"20":0,"21":0,"22":10,"23":0,"24":10,"25":0,"26":0,"27":0,"28":0,"29":5,"30":5,"31":0,"32":0,"33":0,"34":0,"35":0,"36":0,"37":0,"38":0,"39":0,"40":0,"41":0},"b":{"0":[5],"1":[5],"2":[5,0],"3":[1],"4":[1,0],"5":[0,1],"6":[0,0],"7":[0,0],"8":[0,0],"9":[0,0],"10":[0,0],"11":[0,0],"12":[0,0],"13":[0,0],"14":[0,0],"15":[0,0],"16":[0,0],"17":[5,0,0],"18":[0,0],"19":[0,0],"20":[0,0],"21":[0,0],"22":[0,0],"23":[0,0],"24":[0],"25":[0,0],"26":[0,0],"27":[0,0],"28":[0,0],"29":[0,0],"30":[5,0],"31":[5,1],"32":[5,4],"33":[0,0],"34":[5,4],"35":[5,0],"36":[10,10],"37":[0,10],"38":[0,10],"39":[0,0],"40":[5,5],"41":[10,5],"42":[5,0],"43":[0,5],"44":[0,5],"45":[0,0],"46":[0,0],"47":[5,0],"48":[5,0],"49":[5,5],"50":[5,0]},"meta":{"lastBranch":51,"lastFunction":42,"lastStatement":143,"seen":{"f:5:24:5:40":0,"b:5:55:5:59":0,"b:5:67:5:71":1,"s:6:19:6:Infinity":0,"s:7:22:7:Infinity":1,"s:8:20:8:Infinity":2,"b:8:45:8:68:8:68:8:79":2,"s:9:23:9:Infinity":3,"s:10:15:10:Infinity":4,"s:11:15:11:Infinity":5,"s:12:28:12:Infinity":6,"s:13:24:13:Infinity":7,"s:14:24:14:Infinity":8,"s:15:20:15:Infinity":9,"s:17:8:20:Infinity":10,"f:17:8:17:20":1,"b:17:27:17:36":3,"s:18:4:18:Infinity":11,"s:19:4:19:Infinity":12,"f:19:11:19:28":2,"s:19:28:19:41":13,"s:22:8:24:Infinity":14,"f:22:8:22:24":3,"b:23:4:23:Infinity:undefined:undefined:undefined:undefined":4,"s:23:4:23:Infinity":15,"s:23:19:23:Infinity":16,"s:26:31:40:Infinity":17,"f:26:31:26:38":4,"s:27:4:27:Infinity":18,"b:28:4:28:Infinity:undefined:undefined:undefined:undefined":5,"s:28:4:28:Infinity":19,"s:28:26:28:Infinity":20,"s:29:4:29:Infinity":21,"s:30:4:39:Infinity":22,"s:31:6:31:Infinity":23,"s:32:6:32:Infinity":24,"s:33:6:33:Infinity":25,"s:34:6:34:Infinity":26,"s:36:6:36:Infinity":27,"b:36:15:36:31:36:31:36:51":6,"s:38:6:38:Infinity":28,"s:42:31:54:Infinity":29,"f:42:31:42:38":5,"b:43:4:43:Infinity:undefined:undefined:undefined:undefined":7,"s:43:4:43:Infinity":30,"s:43:80:43:Infinity":31,"s:44:4:44:Infinity":32,"s:45:4:53:Infinity":33,"s:46:6:46:Infinity":34,"s:47:6:47:Infinity":35,"s:48:6:48:Infinity":36,"s:50:6:50:Infinity":37,"b:50:15:50:31:50:31:50:64":8,"s:52:6:52:Infinity":38,"s:56:8:60:Infinity":39,"f:56:8:56:29":6,"s:57:4:57:Infinity":40,"s:58:4:58:Infinity":41,"s:59:4:59:Infinity":42,"b:59:21:59:39:59:39:59:41":9,"s:62:8:65:Infinity":43,"f:62:8:62:35":7,"s:63:4:63:Infinity":44,"s:64:4:64:Infinity":45,"s:67:31:80:Infinity":46,"f:67:31:67:38":8,"b:68:4:68:Infinity:undefined:undefined:undefined:undefined":10,"s:68:4:68:Infinity":47,"s:68:31:68:Infinity":48,"s:69:4:69:Infinity":49,"s:70:4:79:Infinity":50,"s:71:6:71:Infinity":51,"s:72:6:72:Infinity":52,"s:73:6:73:Infinity":53,"s:74:6:74:Infinity":54,"s:76:6:76:Infinity":55,"b:76:15:76:31:76:31:76:51":11,"s:78:6:78:Infinity":56,"s:82:27:100:Infinity":57,"f:82:27:82:34":9,"s:83:4:83:Infinity":58,"b:84:4:84:Infinity:undefined:undefined:undefined:undefined":12,"s:84:4:84:Infinity":59,"b:84:8:84:31:84:31:84:43":13,"s:84:43:84:Infinity":60,"s:85:4:85:Infinity":61,"s:86:4:99:Infinity":62,"s:87:6:91:Infinity":63,"s:92:6:92:Infinity":64,"s:93:6:93:Infinity":65,"s:94:6:94:Infinity":66,"s:96:6:96:Infinity":67,"b:96:15:96:31:96:31:96:49":14,"s:98:6:98:Infinity":68,"s:102:27:114:Infinity":69,"f:102:27:102:34":10,"b:103:4:103:Infinity:undefined:undefined:undefined:undefined":15,"s:103:4:103:Infinity":70,"s:103:48:103:Infinity":71,"s:104:4:104:Infinity":72,"s:105:4:113:Infinity":73,"s:106:6:106:Infinity":74,"s:107:6:107:Infinity":75,"s:108:6:108:Infinity":76,"s:110:6:110:Infinity":77,"b:110:15:110:31:110:31:110:46":16,"s:112:6:112:Infinity":78,"s:116:8:116:Infinity":79,"f:116:8:116:29":11,"s:116:38:116:Infinity":80,"b:116:38:116:58:116:58:116:77:116:77:116:Infinity":17,"s:118:8:126:Infinity":81,"f:118:8:118:25":12,"s:119:4:119:Infinity":82,"s:120:4:120:Infinity":83,"s:121:4:125:Infinity":84,"b:122:15:122:31:122:31:122:Infinity":18,"b:124:16:124:41:124:41:124:Infinity":19,"s:128:8:131:Infinity":85,"f:128:8:128:31":13,"s:129:4:129:Infinity":86,"s:130:4:130:Infinity":87,"s:133:27:150:Infinity":88,"f:133:27:133:34":14,"b:134:4:134:Infinity:undefined:undefined:undefined:undefined":20,"s:134:4:134:Infinity":89,"b:134:8:134:37:134:37:134:61":21,"s:134:61:134:Infinity":90,"s:135:4:135:Infinity":91,"s:136:4:149:Infinity":92,"s:137:6:141:Infinity":93,"b:140:18:140:48:140:48:140:Infinity":22,"s:142:6:142:Infinity":94,"s:143:6:143:Infinity":95,"s:144:6:144:Infinity":96,"s:146:6:146:Infinity":97,"b:146:15:146:31:146:31:146:49":23,"s:148:6:148:Infinity":98,"s:152:29:164:Infinity":99,"f:152:29:152:36":15,"b:152:44:152:54":24,"b:153:4:153:Infinity:undefined:undefined:undefined:undefined":25,"s:153:4:153:Infinity":100,"b:153:8:153:18:153:18:153:133":26,"s:153:133:153:Infinity":101,"s:154:4:154:Infinity":102,"s:155:4:163:Infinity":103,"s:156:18:156:Infinity":104,"s:157:6:157:Infinity":105,"s:158:6:158:Infinity":106,"s:160:6:160:Infinity":107,"b:160:15:160:31:160:31:160:50":27,"s:162:6:162:Infinity":108,"s:166:22:166:Infinity":109,"f:166:33:166:39":16,"s:166:42:166:85":110,"b:166:49:166:63:166:63:166:69":28,"b:166:69:166:83:166:83:166:85":29,"s:167:8:167:Infinity":111,"f:167:8:167:25":17,"s:167:31:167:Infinity":112,"b:167:39:167:47:167:47:167:49":30,"s:169:2:364:Infinity":113,"f:176:56:176:71":18,"s:176:71:176:98":114,"b:181:7:181:15:181:15:181:Infinity":31,"f:190:14:190:25":19,"s:190:31:190:Infinity":115,"b:194:73:194:81:194:81:194:Infinity":32,"f:207:14:207:25":20,"s:207:31:207:Infinity":116,"f:214:14:214:25":21,"s:214:31:214:Infinity":117,"f:217:26:217:31":22,"s:218:16:218:Infinity":118,"f:224:14:224:25":23,"s:224:31:224:Infinity":119,"b:224:47:224:73:224:73:224:75":33,"b:231:73:231:81:231:81:231:Infinity":34,"b:244:13:244:40:244:40:245:24":35,"f:245:24:245:29":24,"s:246:31:246:Infinity":120,"b:246:31:246:66:246:66:246:Infinity":36,"s:247:32:247:Infinity":121,"s:248:14:282:Infinity":122,"b:249:43:249:55:249:55:249:64":37,"b:251:20:267:Infinity:267:20:280:Infinity":38,"f:255:24:255:35":25,"s:255:41:255:Infinity":123,"f:259:73:259:88":26,"s:259:88:259:116":124,"b:259:126:259:134:259:134:259:157":39,"b:269:60:269:69:269:69:269:86":40,"b:270:23:270:Infinity:271:24:278:Infinity":41,"f:272:69:272:84":27,"s:272:84:272:106":125,"f:275:76:275:91":28,"s:275:91:275:128":126,"b:291:13:291:41:291:41:292:25":42,"f:292:25:292:30":29,"s:293:26:293:Infinity":127,"f:293:37:293:43":30,"s:293:49:293:78":128,"s:294:26:294:Infinity":129,"s:295:32:295:Infinity":130,"s:296:14:350:Infinity":131,"b:297:43:297:68:297:68:297:77":43,"b:299:20:333:Infinity:333:20:348:Infinity":44,"f:303:24:303:35":31,"s:303:41:303:Infinity":132,"f:303:41:303:55":32,"s:303:66:303:104":133,"f:309:24:309:35":33,"s:309:41:309:Infinity":134,"f:309:41:309:55":34,"s:309:66:309:108":135,"f:312:36:312:41":35,"s:313:26:313:Infinity":136,"f:322:24:322:35":36,"s:322:41:322:Infinity":137,"f:322:41:322:55":37,"s:322:66:322:119":138,"b:322:88:322:114:322:114:322:117":45,"f:325:73:325:88":38,"s:325:88:325:112":139,"b:325:122:325:130:325:130:325:157":46,"b:335:51:335:65:335:65:335:92":47,"b:336:49:336:63:336:63:336:71":48,"b:337:23:337:Infinity:338:24:345:Infinity":49,"f:339:69:339:84":39,"s:339:84:339:102":140,"f:342:76:342:91":40,"s:342:91:342:126":141,"b:347:23:347:30:347:30:347:Infinity":50,"f:359:56:359:71":41,"s:359:71:359:97":142}}}
,"C:\\Users\\Icezaza\\Documents\\GitHub\\FinDashAI\\src\\components\\SelectControl.jsx": {"path":"C:\\Users\\Icezaza\\Documents\\GitHub\\FinDashAI\\src\\components\\SelectControl.jsx","statementMap":{"0":{"start":{"line":4,"column":2},"end":{"line":16,"column":null}},"1":{"start":{"line":8,"column":49},"end":{"line":8,"column":null}},"2":{"start":{"line":10,"column":10},"end":{"line":12,"column":null}}},"fnMap":{"0":{"name":"SelectControl","decl":{"start":{"line":3,"column":24},"end":{"line":3,"column":38}},"loc":{"start":{"line":3,"column":87},"end":{"line":18,"column":null}},"line":3},"1":{"name":"(anonymous_1)","decl":{"start":{"line":8,"column":28},"end":{"line":8,"column":39}},"loc":{"start":{"line":8,"column":49},"end":{"line":8,"column":null}},"line":8},"2":{"name":"(anonymous_2)","decl":{"start":{"line":9,"column":17},"end":{"line":9,"column":22}},"loc":{"start":{"line":10,"column":10},"end":{"line":12,"column":null}},"line":10}},"branchMap":{"0":{"loc":{"start":{"line":7,"column":7},"end":{"line":7,"column":null}},"type":"cond-expr","locations":[{"start":{"line":7,"column":14},"end":{"line":7,"column":null}},{"start":{"line":7,"column":35},"end":{"line":7,"column":null}}],"line":7}},"s":{"0":3,"1":0,"2":30},"f":{"0":3,"1":0,"2":30},"b":{"0":[0,3]},"meta":{"lastBranch":1,"lastFunction":3,"lastStatement":3,"seen":{"f:3:24:3:38":0,"s:4:2:16:Infinity":0,"b:7:14:7:Infinity:7:35:7:Infinity":0,"f:8:28:8:39":1,"s:8:49:8:Infinity":1,"f:9:17:9:22":2,"s:10:10:12:Infinity":2}}}
,"C:\\Users\\Icezaza\\Documents\\GitHub\\FinDashAI\\src\\components\\TransactionTable.jsx": {"path":"C:\\Users\\Icezaza\\Documents\\GitHub\\FinDashAI\\src\\components\\TransactionTable.jsx","statementMap":{"0":{"start":{"line":8,"column":2},"end":{"line":8,"column":null}},"1":{"start":{"line":8,"column":16},"end":{"line":8,"column":null}},"2":{"start":{"line":9,"column":2},"end":{"line":18,"column":null}},"3":{"start":{"line":10,"column":14},"end":{"line":10,"column":null}},"4":{"start":{"line":11,"column":4},"end":{"line":11,"column":null}},"5":{"start":{"line":11,"column":28},"end":{"line":11,"column":null}},"6":{"start":{"line":12,"column":4},"end":{"line":15,"column":null}},"7":{"start":{"line":17,"column":4},"end":{"line":17,"column":null}},"8":{"start":{"line":32,"column":22},"end":{"line":34,"column":null}},"9":{"start":{"line":33,"column":29},"end":{"line":33,"column":58}},"10":{"start":{"line":34,"column":39},"end":{"line":34,"column":53}},"11":{"start":{"line":35,"column":24},"end":{"line":35,"column":null}},"12":{"start":{"line":36,"column":2},"end":{"line":122,"column":null}},"13":{"start":{"line":50,"column":35},"end":{"line":50,"column":null}},"14":{"start":{"line":80,"column":14},"end":{"line":110,"column":null}},"15":{"start":{"line":95,"column":39},"end":{"line":95,"column":null}},"16":{"start":{"line":99,"column":24},"end":{"line":99,"column":null}}},"fnMap":{"0":{"name":"formatDateShort","decl":{"start":{"line":7,"column":9},"end":{"line":7,"column":25}},"loc":{"start":{"line":7,"column":34},"end":{"line":19,"column":null}},"line":7},"1":{"name":"TransactionTable","decl":{"start":{"line":21,"column":24},"end":{"line":21,"column":41}},"loc":{"start":{"line":31,"column":3},"end":{"line":124,"column":null}},"line":31},"2":{"name":"(anonymous_2)","decl":{"start":{"line":33,"column":17},"end":{"line":33,"column":22}},"loc":{"start":{"line":33,"column":29},"end":{"line":33,"column":58}},"line":33},"3":{"name":"(anonymous_3)","decl":{"start":{"line":34,"column":25},"end":{"line":34,"column":33}},"loc":{"start":{"line":34,"column":39},"end":{"line":34,"column":53}},"line":34},"4":{"name":"(anonymous_4)","decl":{"start":{"line":50,"column":14},"end":{"line":50,"column":25}},"loc":{"start":{"line":50,"column":35},"end":{"line":50,"column":null}},"line":50},"5":{"name":"(anonymous_5)","decl":{"start":{"line":79,"column":18},"end":{"line":79,"column":23}},"loc":{"start":{"line":80,"column":14},"end":{"line":110,"column":null}},"line":80},"6":{"name":"(anonymous_6)","decl":{"start":{"line":95,"column":22},"end":{"line":95,"column":33}},"loc":{"start":{"line":95,"column":39},"end":{"line":95,"column":null}},"line":95},"7":{"name":"(anonymous_7)","decl":{"start":{"line":98,"column":34},"end":{"line":98,"column":39}},"loc":{"start":{"line":99,"column":24},"end":{"line":99,"column":null}},"line":99}},"branchMap":{"0":{"loc":{"start":{"line":8,"column":2},"end":{"line":8,"column":null}},"type":"if","locations":[{"start":{"line":8,"column":2},"end":{"line":8,"column":null}},{"start":{},"end":{}}],"line":8},"1":{"loc":{"start":{"line":11,"column":4},"end":{"line":11,"column":null}},"type":"if","locations":[{"start":{"line":11,"column":4},"end":{"line":11,"column":null}},{"start":{},"end":{}}],"line":11},"2":{"loc":{"start":{"line":28,"column":2},"end":{"line":28,"column":null}},"type":"default-arg","locations":[{"start":{"line":28,"column":15},"end":{"line":28,"column":null}}],"line":28},"3":{"loc":{"start":{"line":32,"column":22},"end":{"line":34,"column":null}},"type":"cond-expr","locations":[{"start":{"line":33,"column":6},"end":{"line":33,"column":null}},{"start":{"line":34,"column":6},"end":{"line":34,"column":null}}],"line":32},"4":{"loc":{"start":{"line":32,"column":22},"end":{"line":32,"column":null}},"type":"binary-expr","locations":[{"start":{"line":32,"column":22},"end":{"line":32,"column":36}},{"start":{"line":32,"column":36},"end":{"line":32,"column":null}}],"line":32},"5":{"loc":{"start":{"line":35,"column":24},"end":{"line":35,"column":null}},"type":"cond-expr","locations":[{"start":{"line":35,"column":51},"end":{"line":35,"column":70}},{"start":{"line":35,"column":70},"end":{"line":35,"column":null}}],"line":35},"6":{"loc":{"start":{"line":84,"column":37},"end":{"line":84,"column":null}},"type":"cond-expr","locations":[{"start":{"line":84,"column":50},"end":{"line":84,"column":75}},{"start":{"line":84,"column":75},"end":{"line":84,"column":null}}],"line":84},"7":{"loc":{"start":{"line":85,"column":23},"end":{"line":85,"column":null}},"type":"cond-expr","locations":[{"start":{"line":85,"column":36},"end":{"line":85,"column":64}},{"start":{"line":85,"column":63},"end":{"line":85,"column":null}}],"line":85},"8":{"loc":{"start":{"line":91,"column":19},"end":{"line":103,"column":null}},"type":"cond-expr","locations":[{"start":{"line":92,"column":20},"end":{"line":103,"column":24}},{"start":{"line":103,"column":20},"end":{"line":103,"column":null}}],"line":91},"9":{"loc":{"start":{"line":94,"column":29},"end":{"line":94,"column":null}},"type":"binary-expr","locations":[{"start":{"line":94,"column":29},"end":{"line":94,"column":47}},{"start":{"line":94,"column":47},"end":{"line":94,"column":null}}],"line":94},"10":{"loc":{"start":{"line":106,"column":21},"end":{"line":106,"column":57}},"type":"binary-expr","locations":[{"start":{"line":106,"column":21},"end":{"line":106,"column":41}},{"start":{"line":106,"column":41},"end":{"line":106,"column":57}}],"line":106},"11":{"loc":{"start":{"line":107,"column":42},"end":{"line":107,"column":95}},"type":"cond-expr","locations":[{"start":{"line":107,"column":46},"end":{"line":107,"column":87}},{"start":{"line":107,"column":87},"end":{"line":107,"column":95}}],"line":107},"12":{"loc":{"start":{"line":108,"column":43},"end":{"line":108,"column":98}},"type":"cond-expr","locations":[{"start":{"line":108,"column":47},"end":{"line":108,"column":90}},{"start":{"line":108,"column":90},"end":{"line":108,"column":98}}],"line":108},"13":{"loc":{"start":{"line":109,"column":21},"end":{"line":109,"column":80}},"type":"cond-expr","locations":[{"start":{"line":109,"column":35},"end":{"line":109,"column":72}},{"start":{"line":109,"column":72},"end":{"line":109,"column":80}}],"line":109},"14":{"loc":{"start":{"line":112,"column":13},"end":{"line":118,"column":null}},"type":"cond-expr","locations":[{"start":{"line":113,"column":14},"end":{"line":118,"column":null}},{"start":{"line":118,"column":16},"end":{"line":118,"column":null}}],"line":112}},"s":{"0":4,"1":0,"2":4,"3":4,"4":4,"5":0,"6":4,"7":0,"8":3,"9":0,"10":30,"11":3,"12":3,"13":1,"14":4,"15":0,"16":0},"f":{"0":4,"1":3,"2":0,"3":30,"4":1,"5":4,"6":0,"7":0},"b":{"0":[0,4],"1":[0,4],"2":[3],"3":[0,3],"4":[3,3],"5":[0,3],"6":[2,2],"7":[2,2],"8":[0,4],"9":[0,0],"10":[4,0],"11":[2,2],"12":[2,2],"13":[4,0],"14":[1,2]},"meta":{"lastBranch":15,"lastFunction":8,"lastStatement":17,"seen":{"f:7:9:7:25":0,"b:8:2:8:Infinity:undefined:undefined:undefined:undefined":0,"s:8:2:8:Infinity":0,"s:8:16:8:Infinity":1,"s:9:2:18:Infinity":2,"s:10:14:10:Infinity":3,"b:11:4:11:Infinity:undefined:undefined:undefined:undefined":1,"s:11:4:11:Infinity":4,"s:11:28:11:Infinity":5,"s:12:4:15:Infinity":6,"s:17:4:17:Infinity":7,"f:21:24:21:41":1,"b:28:15:28:Infinity":2,"s:32:22:34:Infinity":8,"b:33:6:33:Infinity:34:6:34:Infinity":3,"b:32:22:32:36:32:36:32:Infinity":4,"f:33:17:33:22":2,"s:33:29:33:58":9,"f:34:25:34:33":3,"s:34:39:34:53":10,"s:35:24:35:Infinity":11,"b:35:51:35:70:35:70:35:Infinity":5,"s:36:2:122:Infinity":12,"f:50:14:50:25":4,"s:50:35:50:Infinity":13,"f:79:18:79:23":5,"s:80:14:110:Infinity":14,"b:84:50:84:75:84:75:84:Infinity":6,"b:85:36:85:64:85:63:85:Infinity":7,"b:92:20:103:24:103:20:103:Infinity":8,"b:94:29:94:47:94:47:94:Infinity":9,"f:95:22:95:33":6,"s:95:39:95:Infinity":15,"f:98:34:98:39":7,"s:99:24:99:Infinity":16,"b:106:21:106:41:106:41:106:57":10,"b:107:46:107:87:107:87:107:95":11,"b:108:47:108:90:108:90:108:98":12,"b:109:35:109:72:109:72:109:80":13,"b:113:14:118:Infinity:118:16:118:Infinity":14}}}
,"C:\\Users\\Icezaza\\Documents\\GitHub\\FinDashAI\\src\\data\\filters.js": {"path":"C:\\Users\\Icezaza\\Documents\\GitHub\\FinDashAI\\src\\data\\filters.js","statementMap":{"0":{"start":{"line":3,"column":22},"end":{"line":5,"column":null}},"1":{"start":{"line":7,"column":23},"end":{"line":10,"column":null}},"2":{"start":{"line":12,"column":26},"end":{"line":23,"column":null}},"3":{"start":{"line":25,"column":24},"end":{"line":34,"column":null}}},"fnMap":{},"branchMap":{},"s":{"0":1,"1":1,"2":1,"3":1},"f":{},"b":{},"meta":{"lastBranch":0,"lastFunction":0,"lastStatement":4,"seen":{"s:3:22:5:Infinity":0,"s:7:23:10:Infinity":1,"s:12:26:23:Infinity":2,"s:25:24:34:Infinity":3}}}
,"C:\\Users\\Icezaza\\Documents\\GitHub\\FinDashAI\\src\\lib\\financeStore.js": {"path":"C:\\Users\\Icezaza\\Documents\\GitHub\\FinDashAI\\src\\lib\\financeStore.js","statementMap":{"0":{"start":{"line":4,"column":16},"end":{"line":4,"column":null}},"1":{"start":{"line":5,"column":19},"end":{"line":5,"column":null}},"2":{"start":{"line":7,"column":27},"end":{"line":17,"column":null}},"3":{"start":{"line":19,"column":22},"end":{"line":31,"column":null}},"4":{"start":{"line":33,"column":27},"end":{"line":33,"column":null}},"5":{"start":{"line":35,"column":16},"end":{"line":35,"column":null}},"6":{"start":{"line":36,"column":21},"end":{"line":36,"column":null}},"7":{"start":{"line":37,"column":19},"end":{"line":37,"column":null}},"8":{"start":{"line":40,"column":2},"end":{"line":40,"column":null}},"9":{"start":{"line":44,"column":2},"end":{"line":44,"column":null}},"10":{"start":{"line":48,"column":11},"end":{"line":48,"column":null}},"11":{"start":{"line":49,"column":11},"end":{"line":49,"column":null}},"12":{"start":{"line":50,"column":11},"end":{"line":50,"column":null}},"13":{"start":{"line":51,"column":11},"end":{"line":51,"column":null}},"14":{"start":{"line":53,"column":2},"end":{"line":59,"column":null}},"15":{"start":{"line":53,"column":15},"end":{"line":53,"column":18}},"16":{"start":{"line":54,"column":17},"end":{"line":54,"column":null}},"17":{"start":{"line":55,"column":4},"end":{"line":55,"column":null}},"18":{"start":{"line":56,"column":4},"end":{"line":56,"column":null}},"19":{"start":{"line":57,"column":4},"end":{"line":57,"column":null}},"20":{"start":{"line":58,"column":4},"end":{"line":58,"column":null}},"21":{"start":{"line":61,"column":2},"end":{"line":63,"column":null}},"22":{"start":{"line":62,"column":10},"end":{"line":62,"column":61}},"23":{"start":{"line":69,"column":16},"end":{"line":69,"column":null}},"24":{"start":{"line":70,"column":15},"end":{"line":76,"column":null}},"25":{"start":{"line":77,"column":2},"end":{"line":77,"column":null}},"26":{"start":{"line":81,"column":2},"end":{"line":81,"column":null}},"27":{"start":{"line":81,"column":17},"end":{"line":81,"column":null}},"28":{"start":{"line":83,"column":2},"end":{"line":86,"column":null}},"29":{"start":{"line":85,"column":4},"end":{"line":85,"column":null}},"30":{"start":{"line":88,"column":2},"end":{"line":136,"column":null}},"31":{"start":{"line":89,"column":16},"end":{"line":89,"column":null}},"32":{"start":{"line":91,"column":4},"end":{"line":132,"column":null}},"33":{"start":{"line":92,"column":23},"end":{"line":92,"column":null}},"34":{"start":{"line":95,"column":6},"end":{"line":98,"column":null}},"35":{"start":{"line":96,"column":25},"end":{"line":96,"column":null}},"36":{"start":{"line":97,"column":8},"end":{"line":97,"column":null}},"37":{"start":{"line":100,"column":6},"end":{"line":103,"column":null}},"38":{"start":{"line":101,"column":23},"end":{"line":101,"column":null}},"39":{"start":{"line":102,"column":8},"end":{"line":102,"column":null}},"40":{"start":{"line":105,"column":6},"end":{"line":107,"column":null}},"41":{"start":{"line":106,"column":8},"end":{"line":106,"column":null}},"42":{"start":{"line":109,"column":6},"end":{"line":111,"column":null}},"43":{"start":{"line":110,"column":8},"end":{"line":110,"column":null}},"44":{"start":{"line":113,"column":6},"end":{"line":115,"column":null}},"45":{"start":{"line":114,"column":8},"end":{"line":114,"column":null}},"46":{"start":{"line":117,"column":6},"end":{"line":120,"column":null}},"47":{"start":{"line":118,"column":23},"end":{"line":118,"column":null}},"48":{"start":{"line":119,"column":8},"end":{"line":119,"column":null}},"49":{"start":{"line":122,"column":6},"end":{"line":127,"column":null}},"50":{"start":{"line":123,"column":23},"end":{"line":123,"column":null}},"51":{"start":{"line":124,"column":8},"end":{"line":124,"column":null}},"52":{"start":{"line":125,"column":8},"end":{"line":125,"column":null}},"53":{"start":{"line":126,"column":8},"end":{"line":126,"column":null}},"54":{"start":{"line":129,"column":6},"end":{"line":131,"column":null}},"55":{"start":{"line":130,"column":8},"end":{"line":130,"column":null}},"56":{"start":{"line":134,"column":4},"end":{"line":134,"column":null}},"57":{"start":{"line":134,"column":26},"end":{"line":134,"column":null}},"58":{"start":{"line":135,"column":4},"end":{"line":135,"column":null}},"59":{"start":{"line":135,"column":24},"end":{"line":135,"column":null}},"60":{"start":{"line":136,"column":17},"end":{"line":136,"column":21}},"61":{"start":{"line":138,"column":2},"end":{"line":138,"column":null}},"62":{"start":{"line":142,"column":19},"end":{"line":142,"column":null}},"63":{"start":{"line":143,"column":2},"end":{"line":146,"column":null}},"64":{"start":{"line":144,"column":4},"end":{"line":144,"column":null}},"65":{"start":{"line":145,"column":4},"end":{"line":145,"column":null}},"66":{"start":{"line":148,"column":2},"end":{"line":151,"column":null}},"67":{"start":{"line":149,"column":4},"end":{"line":149,"column":null}},"68":{"start":{"line":150,"column":4},"end":{"line":150,"column":null}},"69":{"start":{"line":152,"column":2},"end":{"line":152,"column":null}},"70":{"start":{"line":153,"column":2},"end":{"line":153,"column":null}},"71":{"start":{"line":153,"column":23},"end":{"line":153,"column":null}},"72":{"start":{"line":154,"column":2},"end":{"line":154,"column":null}},"73":{"start":{"line":158,"column":2},"end":{"line":167,"column":null}},"74":{"start":{"line":164,"column":49},"end":{"line":164,"column":132}},"75":{"start":{"line":171,"column":15},"end":{"line":171,"column":null}},"76":{"start":{"line":174,"column":2},"end":{"line":181,"column":null}},"77":{"start":{"line":175,"column":16},"end":{"line":175,"column":null}},"78":{"start":{"line":176,"column":4},"end":{"line":176,"column":null}},"79":{"start":{"line":176,"column":14},"end":{"line":176,"column":null}},"80":{"start":{"line":177,"column":19},"end":{"line":177,"column":null}},"81":{"start":{"line":178,"column":4},"end":{"line":178,"column":null}},"82":{"start":{"line":178,"column":35},"end":{"line":178,"column":null}},"83":{"start":{"line":182,"column":2},"end":{"line":182,"column":null}},"84":{"start":{"line":186,"column":2},"end":{"line":192,"column":null}},"85":{"start":{"line":187,"column":4},"end":{"line":187,"column":null}},"86":{"start":{"line":188,"column":4},"end":{"line":188,"column":null}},"87":{"start":{"line":189,"column":4},"end":{"line":189,"column":null}},"88":{"start":{"line":196,"column":2},"end":{"line":196,"column":null}},"89":{"start":{"line":196,"column":13},"end":{"line":196,"column":null}},"90":{"start":{"line":197,"column":2},"end":{"line":197,"column":null}},"91":{"start":{"line":198,"column":2},"end":{"line":198,"column":null}},"92":{"start":{"line":199,"column":2},"end":{"line":199,"column":null}},"93":{"start":{"line":200,"column":2},"end":{"line":200,"column":null}},"94":{"start":{"line":201,"column":2},"end":{"line":201,"column":null}},"95":{"start":{"line":202,"column":2},"end":{"line":202,"column":null}},"96":{"start":{"line":202,"column":127},"end":{"line":202,"column":210}},"97":{"start":{"line":203,"column":2},"end":{"line":203,"column":null}},"98":{"start":{"line":204,"column":2},"end":{"line":204,"column":null}},"99":{"start":{"line":205,"column":2},"end":{"line":205,"column":null}},"100":{"start":{"line":209,"column":19},"end":{"line":209,"column":null}},"101":{"start":{"line":210,"column":2},"end":{"line":225,"column":null}},"102":{"start":{"line":212,"column":4},"end":{"line":220,"column":null}},"103":{"start":{"line":213,"column":17},"end":{"line":213,"column":null}},"104":{"start":{"line":214,"column":6},"end":{"line":214,"column":null}},"105":{"start":{"line":215,"column":21},"end":{"line":215,"column":null}},"106":{"start":{"line":216,"column":6},"end":{"line":218,"column":null}},"107":{"start":{"line":217,"column":8},"end":{"line":217,"column":null}},"108":{"start":{"line":219,"column":6},"end":{"line":219,"column":null}},"109":{"start":{"line":222,"column":16},"end":{"line":222,"column":null}},"110":{"start":{"line":223,"column":4},"end":{"line":223,"column":null}},"111":{"start":{"line":224,"column":4},"end":{"line":224,"column":null}},"112":{"start":{"line":227,"column":2},"end":{"line":240,"column":null}},"113":{"start":{"line":228,"column":15},"end":{"line":228,"column":null}},"114":{"start":{"line":229,"column":18},"end":{"line":229,"column":null}},"115":{"start":{"line":231,"column":4},"end":{"line":236,"column":null}},"116":{"start":{"line":232,"column":6},"end":{"line":232,"column":null}},"117":{"start":{"line":234,"column":6},"end":{"line":234,"column":null}},"118":{"start":{"line":235,"column":6},"end":{"line":235,"column":null}},"119":{"start":{"line":237,"column":4},"end":{"line":237,"column":null}},"120":{"start":{"line":237,"column":26},"end":{"line":237,"column":null}},"121":{"start":{"line":238,"column":4},"end":{"line":238,"column":null}},"122":{"start":{"line":238,"column":23},"end":{"line":238,"column":null}},"123":{"start":{"line":239,"column":4},"end":{"line":239,"column":null}},"124":{"start":{"line":239,"column":23},"end":{"line":239,"column":null}},"125":{"start":{"line":246,"column":2},"end":{"line":256,"column":null}},"126":{"start":{"line":247,"column":4},"end":{"line":255,"column":null}},"127":{"start":{"line":248,"column":6},"end":{"line":252,"column":null}},"128":{"start":{"line":249,"column":14},"end":{"line":249,"column":null}},"129":{"start":{"line":249,"column":59},"end":{"line":249,"column":74}},"130":{"start":{"line":250,"column":8},"end":{"line":250,"column":null}},"131":{"start":{"line":250,"column":21},"end":{"line":250,"column":null}},"132":{"start":{"line":251,"column":8},"end":{"line":251,"column":null}},"133":{"start":{"line":253,"column":6},"end":{"line":253,"column":null}},"134":{"start":{"line":253,"column":18},"end":{"line":253,"column":null}},"135":{"start":{"line":254,"column":6},"end":{"line":254,"column":null}},"136":{"start":{"line":258,"column":24},"end":{"line":268,"column":null}},"137":{"start":{"line":259,"column":4},"end":{"line":261,"column":null}},"138":{"start":{"line":260,"column":6},"end":{"line":260,"column":null}},"139":{"start":{"line":262,"column":4},"end":{"line":262,"column":null}},"140":{"start":{"line":262,"column":16},"end":{"line":262,"column":null}},"141":{"start":{"line":263,"column":4},"end":{"line":267,"column":null}},"142":{"start":{"line":264,"column":18},"end":{"line":264,"column":null}},"143":{"start":{"line":265,"column":6},"end":{"line":265,"column":null}},"144":{"start":{"line":265,"column":28},"end":{"line":265,"column":null}},"145":{"start":{"line":266,"column":6},"end":{"line":266,"column":null}},"146":{"start":{"line":266,"column":26},"end":{"line":266,"column":null}},"147":{"start":{"line":270,"column":29},"end":{"line":272,"column":null}},"148":{"start":{"line":271,"column":40},"end":{"line":271,"column":96}},"149":{"start":{"line":274,"column":2},"end":{"line":287,"column":null}},"150":{"start":{"line":275,"column":16},"end":{"line":275,"column":null}},"151":{"start":{"line":276,"column":4},"end":{"line":286,"column":null}},"152":{"start":{"line":277,"column":6},"end":{"line":285,"column":null}},"153":{"start":{"line":278,"column":8},"end":{"line":282,"column":null}},"154":{"start":{"line":279,"column":10},"end":{"line":279,"column":null}},"155":{"start":{"line":280,"column":10},"end":{"line":280,"column":null}},"156":{"start":{"line":281,"column":10},"end":{"line":281,"column":null}},"157":{"start":{"line":283,"column":8},"end":{"line":283,"column":null}},"158":{"start":{"line":283,"column":20},"end":{"line":283,"column":null}},"159":{"start":{"line":284,"column":8},"end":{"line":284,"column":null}},"160":{"start":{"line":290,"column":2},"end":{"line":304,"column":null}},"161":{"start":{"line":291,"column":4},"end":{"line":296,"column":null}},"162":{"start":{"line":292,"column":6},"end":{"line":294,"column":null}},"163":{"start":{"line":293,"column":8},"end":{"line":293,"column":null}},"164":{"start":{"line":295,"column":6},"end":{"line":295,"column":null}},"165":{"start":{"line":297,"column":4},"end":{"line":297,"column":null}},"166":{"start":{"line":297,"column":16},"end":{"line":297,"column":null}},"167":{"start":{"line":298,"column":19},"end":{"line":298,"column":null}},"168":{"start":{"line":299,"column":4},"end":{"line":303,"column":null}},"169":{"start":{"line":300,"column":6},"end":{"line":302,"column":null}},"170":{"start":{"line":301,"column":8},"end":{"line":301,"column":null}},"171":{"start":{"line":307,"column":2},"end":{"line":307,"column":null}},"172":{"start":{"line":311,"column":2},"end":{"line":332,"column":null}},"173":{"start":{"line":312,"column":18},"end":{"line":321,"column":null}},"174":{"start":{"line":313,"column":6},"end":{"line":313,"column":null}},"175":{"start":{"line":313,"column":25},"end":{"line":313,"column":null}},"176":{"start":{"line":313,"column":70},"end":{"line":313,"column":89}},"177":{"start":{"line":314,"column":6},"end":{"line":314,"column":null}},"178":{"start":{"line":314,"column":18},"end":{"line":314,"column":null}},"179":{"start":{"line":315,"column":6},"end":{"line":320,"column":null}},"180":{"start":{"line":316,"column":20},"end":{"line":316,"column":null}},"181":{"start":{"line":317,"column":20},"end":{"line":317,"column":null}},"182":{"start":{"line":318,"column":8},"end":{"line":318,"column":null}},"183":{"start":{"line":318,"column":30},"end":{"line":318,"column":null}},"184":{"start":{"line":319,"column":8},"end":{"line":319,"column":null}},"185":{"start":{"line":319,"column":28},"end":{"line":319,"column":null}},"186":{"start":{"line":322,"column":4},"end":{"line":322,"column":null}},"187":{"start":{"line":322,"column":15},"end":{"line":322,"column":null}},"188":{"start":{"line":324,"column":4},"end":{"line":331,"column":null}},"189":{"start":{"line":325,"column":6},"end":{"line":328,"column":null}},"190":{"start":{"line":326,"column":8},"end":{"line":326,"column":null}},"191":{"start":{"line":326,"column":60},"end":{"line":326,"column":71}},"192":{"start":{"line":327,"column":8},"end":{"line":327,"column":null}},"193":{"start":{"line":329,"column":6},"end":{"line":329,"column":null}},"194":{"start":{"line":329,"column":18},"end":{"line":329,"column":null}},"195":{"start":{"line":330,"column":6},"end":{"line":330,"column":null}},"196":{"start":{"line":337,"column":2},"end":{"line":337,"column":null}},"197":{"start":{"line":338,"column":2},"end":{"line":338,"column":null}},"198":{"start":{"line":339,"column":2},"end":{"line":339,"column":null}},"199":{"start":{"line":343,"column":2},"end":{"line":343,"column":null}},"200":{"start":{"line":344,"column":2},"end":{"line":358,"column":null}},"201":{"start":{"line":345,"column":4},"end":{"line":347,"column":null}},"202":{"start":{"line":346,"column":6},"end":{"line":346,"column":null}},"203":{"start":{"line":346,"column":49},"end":{"line":346,"column":109}},"204":{"start":{"line":348,"column":4},"end":{"line":348,"column":null}},"205":{"start":{"line":348,"column":16},"end":{"line":348,"column":null}},"206":{"start":{"line":349,"column":4},"end":{"line":357,"column":null}},"207":{"start":{"line":350,"column":18},"end":{"line":350,"column":null}},"208":{"start":{"line":351,"column":6},"end":{"line":355,"column":null}},"209":{"start":{"line":352,"column":21},"end":{"line":352,"column":null}},"210":{"start":{"line":353,"column":8},"end":{"line":353,"column":null}},"211":{"start":{"line":353,"column":22},"end":{"line":353,"column":82}},"212":{"start":{"line":354,"column":8},"end":{"line":354,"column":null}},"213":{"start":{"line":356,"column":6},"end":{"line":356,"column":null}},"214":{"start":{"line":356,"column":26},"end":{"line":356,"column":null}},"215":{"start":{"line":362,"column":15},"end":{"line":362,"column":null}},"216":{"start":{"line":363,"column":2},"end":{"line":363,"column":null}},"217":{"start":{"line":363,"column":13},"end":{"line":363,"column":null}},"218":{"start":{"line":364,"column":15},"end":{"line":364,"column":null}},"219":{"start":{"line":365,"column":25},"end":{"line":365,"column":null}},"220":{"start":{"line":366,"column":22},"end":{"line":366,"column":null}},"221":{"start":{"line":367,"column":2},"end":{"line":372,"column":null}},"222":{"start":{"line":376,"column":2},"end":{"line":376,"column":null}},"223":{"start":{"line":377,"column":18},"end":{"line":377,"column":null}},"224":{"start":{"line":378,"column":20},"end":{"line":378,"column":null}},"225":{"start":{"line":379,"column":13},"end":{"line":379,"column":null}},"226":{"start":{"line":381,"column":17},"end":{"line":389,"column":null}},"227":{"start":{"line":391,"column":2},"end":{"line":399,"column":null}},"228":{"start":{"line":392,"column":4},"end":{"line":396,"column":null}},"229":{"start":{"line":393,"column":6},"end":{"line":393,"column":null}},"230":{"start":{"line":394,"column":6},"end":{"line":394,"column":null}},"231":{"start":{"line":395,"column":6},"end":{"line":395,"column":null}},"232":{"start":{"line":397,"column":4},"end":{"line":397,"column":null}},"233":{"start":{"line":397,"column":16},"end":{"line":397,"column":null}},"234":{"start":{"line":398,"column":4},"end":{"line":398,"column":null}},"235":{"start":{"line":401,"column":2},"end":{"line":401,"column":null}},"236":{"start":{"line":405,"column":2},"end":{"line":405,"column":null}},"237":{"start":{"line":406,"column":18},"end":{"line":406,"column":null}},"238":{"start":{"line":407,"column":19},"end":{"line":415,"column":null}},"239":{"start":{"line":408,"column":4},"end":{"line":408,"column":null}},"240":{"start":{"line":408,"column":23},"end":{"line":408,"column":null}},"241":{"start":{"line":408,"column":64},"end":{"line":408,"column":75}},"242":{"start":{"line":409,"column":4},"end":{"line":409,"column":null}},"243":{"start":{"line":409,"column":16},"end":{"line":409,"column":null}},"244":{"start":{"line":410,"column":4},"end":{"line":414,"column":null}},"245":{"start":{"line":411,"column":18},"end":{"line":411,"column":null}},"246":{"start":{"line":412,"column":6},"end":{"line":412,"column":null}},"247":{"start":{"line":412,"column":28},"end":{"line":412,"column":null}},"248":{"start":{"line":413,"column":6},"end":{"line":413,"column":null}},"249":{"start":{"line":413,"column":26},"end":{"line":413,"column":null}},"250":{"start":{"line":416,"column":2},"end":{"line":416,"column":null}},"251":{"start":{"line":416,"column":17},"end":{"line":416,"column":null}},"252":{"start":{"line":418,"column":18},"end":{"line":425,"column":null}},"253":{"start":{"line":427,"column":2},"end":{"line":434,"column":null}},"254":{"start":{"line":428,"column":4},"end":{"line":431,"column":null}},"255":{"start":{"line":429,"column":6},"end":{"line":429,"column":null}},"256":{"start":{"line":429,"column":56},"end":{"line":429,"column":82}},"257":{"start":{"line":430,"column":6},"end":{"line":430,"column":null}},"258":{"start":{"line":432,"column":4},"end":{"line":432,"column":null}},"259":{"start":{"line":432,"column":16},"end":{"line":432,"column":null}},"260":{"start":{"line":433,"column":4},"end":{"line":433,"column":null}},"261":{"start":{"line":435,"column":2},"end":{"line":435,"column":null}},"262":{"start":{"line":439,"column":2},"end":{"line":439,"column":null}},"263":{"start":{"line":440,"column":18},"end":{"line":449,"column":null}},"264":{"start":{"line":441,"column":4},"end":{"line":441,"column":null}},"265":{"start":{"line":441,"column":23},"end":{"line":441,"column":null}},"266":{"start":{"line":441,"column":70},"end":{"line":441,"column":89}},"267":{"start":{"line":442,"column":4},"end":{"line":442,"column":null}},"268":{"start":{"line":442,"column":16},"end":{"line":442,"column":null}},"269":{"start":{"line":443,"column":4},"end":{"line":448,"column":null}},"270":{"start":{"line":444,"column":18},"end":{"line":444,"column":null}},"271":{"start":{"line":445,"column":18},"end":{"line":445,"column":null}},"272":{"start":{"line":446,"column":6},"end":{"line":446,"column":null}},"273":{"start":{"line":446,"column":28},"end":{"line":446,"column":null}},"274":{"start":{"line":447,"column":6},"end":{"line":447,"column":null}},"275":{"start":{"line":447,"column":26},"end":{"line":447,"column":null}},"276":{"start":{"line":450,"column":21},"end":{"line":458,"column":null}},"277":{"start":{"line":451,"column":4},"end":{"line":451,"column":null}},"278":{"start":{"line":451,"column":23},"end":{"line":451,"column":null}},"279":{"start":{"line":451,"column":72},"end":{"line":451,"column":91}},"280":{"start":{"line":452,"column":4},"end":{"line":452,"column":null}},"281":{"start":{"line":452,"column":16},"end":{"line":452,"column":null}},"282":{"start":{"line":453,"column":4},"end":{"line":457,"column":null}},"283":{"start":{"line":454,"column":18},"end":{"line":454,"column":null}},"284":{"start":{"line":455,"column":6},"end":{"line":455,"column":null}},"285":{"start":{"line":455,"column":28},"end":{"line":455,"column":null}},"286":{"start":{"line":455,"column":65},"end":{"line":455,"column":84}},"287":{"start":{"line":456,"column":6},"end":{"line":456,"column":null}},"288":{"start":{"line":456,"column":26},"end":{"line":456,"column":null}},"289":{"start":{"line":460,"column":2},"end":{"line":462,"column":null}},"290":{"start":{"line":461,"column":4},"end":{"line":461,"column":null}},"291":{"start":{"line":464,"column":2},"end":{"line":471,"column":null}},"292":{"start":{"line":465,"column":4},"end":{"line":468,"column":null}},"293":{"start":{"line":466,"column":6},"end":{"line":466,"column":null}},"294":{"start":{"line":466,"column":58},"end":{"line":466,"column":69}},"295":{"start":{"line":467,"column":6},"end":{"line":467,"column":null}},"296":{"start":{"line":469,"column":4},"end":{"line":469,"column":null}},"297":{"start":{"line":469,"column":16},"end":{"line":469,"column":null}},"298":{"start":{"line":470,"column":4},"end":{"line":470,"column":null}},"299":{"start":{"line":472,"column":2},"end":{"line":472,"column":null}},"300":{"start":{"line":476,"column":2},"end":{"line":476,"column":null}},"301":{"start":{"line":477,"column":2},"end":{"line":505,"column":null}},"302":{"start":{"line":478,"column":4},"end":{"line":482,"column":null}},"303":{"start":{"line":479,"column":19},"end":{"line":479,"column":null}},"304":{"start":{"line":479,"column":62},"end":{"line":479,"column":77}},"305":{"start":{"line":480,"column":6},"end":{"line":481,"column":null}},"306":{"start":{"line":480,"column":46},"end":{"line":480,"column":113}},"307":{"start":{"line":481,"column":18},"end":{"line":481,"column":86}},"308":{"start":{"line":483,"column":4},"end":{"line":483,"column":null}},"309":{"start":{"line":483,"column":16},"end":{"line":483,"column":null}},"310":{"start":{"line":484,"column":4},"end":{"line":504,"column":null}},"311":{"start":{"line":485,"column":18},"end":{"line":485,"column":null}},"312":{"start":{"line":486,"column":6},"end":{"line":502,"column":null}},"313":{"start":{"line":487,"column":21},"end":{"line":487,"column":null}},"314":{"start":{"line":489,"column":8},"end":{"line":501,"column":null}},"315":{"start":{"line":490,"column":10},"end":{"line":493,"column":null}},"316":{"start":{"line":491,"column":12},"end":{"line":491,"column":null}},"317":{"start":{"line":492,"column":12},"end":{"line":492,"column":null}},"318":{"start":{"line":494,"column":25},"end":{"line":494,"column":null}},"319":{"start":{"line":495,"column":10},"end":{"line":499,"column":null}},"320":{"start":{"line":496,"column":25},"end":{"line":496,"column":null}},"321":{"start":{"line":496,"column":66},"end":{"line":496,"column":81}},"322":{"start":{"line":497,"column":12},"end":{"line":498,"column":null}},"323":{"start":{"line":497,"column":33},"end":{"line":497,"column":100}},"324":{"start":{"line":498,"column":24},"end":{"line":498,"column":92}},"325":{"start":{"line":500,"column":10},"end":{"line":500,"column":null}},"326":{"start":{"line":500,"column":33},"end":{"line":500,"column":null}},"327":{"start":{"line":503,"column":6},"end":{"line":503,"column":null}},"328":{"start":{"line":503,"column":26},"end":{"line":503,"column":null}},"329":{"start":{"line":509,"column":21},"end":{"line":509,"column":null}},"330":{"start":{"line":510,"column":23},"end":{"line":510,"column":null}},"331":{"start":{"line":511,"column":2},"end":{"line":514,"column":null}},"332":{"start":{"line":518,"column":2},"end":{"line":518,"column":null}},"333":{"start":{"line":519,"column":17},"end":{"line":519,"column":null}},"334":{"start":{"line":521,"column":19},"end":{"line":530,"column":null}},"335":{"start":{"line":522,"column":4},"end":{"line":522,"column":null}},"336":{"start":{"line":522,"column":23},"end":{"line":522,"column":null}},"337":{"start":{"line":522,"column":63},"end":{"line":522,"column":99}},"338":{"start":{"line":523,"column":4},"end":{"line":523,"column":null}},"339":{"start":{"line":523,"column":16},"end":{"line":523,"column":null}},"340":{"start":{"line":524,"column":4},"end":{"line":529,"column":null}},"341":{"start":{"line":525,"column":18},"end":{"line":525,"column":null}},"342":{"start":{"line":526,"column":18},"end":{"line":526,"column":null}},"343":{"start":{"line":527,"column":6},"end":{"line":527,"column":null}},"344":{"start":{"line":527,"column":28},"end":{"line":527,"column":null}},"345":{"start":{"line":528,"column":6},"end":{"line":528,"column":null}},"346":{"start":{"line":528,"column":26},"end":{"line":528,"column":null}},"347":{"start":{"line":531,"column":2},"end":{"line":531,"column":null}},"348":{"start":{"line":531,"column":16},"end":{"line":531,"column":null}},"349":{"start":{"line":533,"column":13},"end":{"line":533,"column":null}},"350":{"start":{"line":534,"column":20},"end":{"line":534,"column":null}},"351":{"start":{"line":535,"column":17},"end":{"line":535,"column":null}},"352":{"start":{"line":537,"column":2},"end":{"line":545,"column":null}},"353":{"start":{"line":538,"column":4},"end":{"line":542,"column":null}},"354":{"start":{"line":539,"column":6},"end":{"line":539,"column":null}},"355":{"start":{"line":540,"column":6},"end":{"line":540,"column":null}},"356":{"start":{"line":541,"column":6},"end":{"line":541,"column":null}},"357":{"start":{"line":543,"column":4},"end":{"line":543,"column":null}},"358":{"start":{"line":543,"column":16},"end":{"line":543,"column":null}},"359":{"start":{"line":544,"column":4},"end":{"line":544,"column":null}},"360":{"start":{"line":546,"column":2},"end":{"line":546,"column":null}},"361":{"start":{"line":550,"column":2},"end":{"line":550,"column":null}},"362":{"start":{"line":551,"column":17},"end":{"line":551,"column":null}},"363":{"start":{"line":552,"column":19},"end":{"line":556,"column":null}},"364":{"start":{"line":553,"column":4},"end":{"line":553,"column":null}},"365":{"start":{"line":553,"column":23},"end":{"line":553,"column":null}},"366":{"start":{"line":553,"column":63},"end":{"line":553,"column":74}},"367":{"start":{"line":554,"column":4},"end":{"line":554,"column":null}},"368":{"start":{"line":554,"column":16},"end":{"line":554,"column":null}},"369":{"start":{"line":555,"column":4},"end":{"line":555,"column":null}},"370":{"start":{"line":555,"column":44},"end":{"line":555,"column":59}},"371":{"start":{"line":555,"column":59},"end":{"line":555,"column":94}},"372":{"start":{"line":555,"column":79},"end":{"line":555,"column":94}},"373":{"start":{"line":555,"column":94},"end":{"line":555,"column":123}},"374":{"start":{"line":555,"column":112},"end":{"line":555,"column":123}},"375":{"start":{"line":557,"column":2},"end":{"line":557,"column":null}},"376":{"start":{"line":557,"column":17},"end":{"line":557,"column":null}},"377":{"start":{"line":560,"column":14},"end":{"line":569,"column":null}},"378":{"start":{"line":561,"column":4},"end":{"line":561,"column":null}},"379":{"start":{"line":561,"column":23},"end":{"line":561,"column":null}},"380":{"start":{"line":561,"column":63},"end":{"line":561,"column":114}},"381":{"start":{"line":562,"column":4},"end":{"line":562,"column":null}},"382":{"start":{"line":562,"column":16},"end":{"line":562,"column":null}},"383":{"start":{"line":563,"column":4},"end":{"line":568,"column":null}},"384":{"start":{"line":564,"column":18},"end":{"line":564,"column":null}},"385":{"start":{"line":565,"column":18},"end":{"line":565,"column":null}},"386":{"start":{"line":566,"column":6},"end":{"line":566,"column":null}},"387":{"start":{"line":566,"column":28},"end":{"line":566,"column":null}},"388":{"start":{"line":567,"column":6},"end":{"line":567,"column":null}},"389":{"start":{"line":567,"column":26},"end":{"line":567,"column":null}},"390":{"start":{"line":570,"column":2},"end":{"line":570,"column":null}},"391":{"start":{"line":570,"column":11},"end":{"line":570,"column":null}},"392":{"start":{"line":572,"column":18},"end":{"line":572,"column":null}},"393":{"start":{"line":573,"column":2},"end":{"line":580,"column":null}},"394":{"start":{"line":574,"column":4},"end":{"line":577,"column":null}},"395":{"start":{"line":575,"column":6},"end":{"line":575,"column":null}},"396":{"start":{"line":575,"column":54},"end":{"line":575,"column":80}},"397":{"start":{"line":576,"column":6},"end":{"line":576,"column":null}},"398":{"start":{"line":578,"column":4},"end":{"line":578,"column":null}},"399":{"start":{"line":578,"column":16},"end":{"line":578,"column":null}},"400":{"start":{"line":579,"column":4},"end":{"line":579,"column":null}},"401":{"start":{"line":581,"column":2},"end":{"line":581,"column":null}},"402":{"start":{"line":585,"column":2},"end":{"line":585,"column":null}},"403":{"start":{"line":586,"column":2},"end":{"line":593,"column":null}},"404":{"start":{"line":587,"column":4},"end":{"line":590,"column":null}},"405":{"start":{"line":588,"column":6},"end":{"line":588,"column":null}},"406":{"start":{"line":588,"column":56},"end":{"line":588,"column":67}},"407":{"start":{"line":589,"column":6},"end":{"line":589,"column":null}},"408":{"start":{"line":591,"column":4},"end":{"line":591,"column":null}},"409":{"start":{"line":591,"column":16},"end":{"line":591,"column":null}},"410":{"start":{"line":592,"column":4},"end":{"line":592,"column":null}},"411":{"start":{"line":594,"column":2},"end":{"line":594,"column":null}},"412":{"start":{"line":598,"column":2},"end":{"line":598,"column":null}},"413":{"start":{"line":599,"column":2},"end":{"line":609,"column":null}},"414":{"start":{"line":600,"column":4},"end":{"line":602,"column":null}},"415":{"start":{"line":601,"column":6},"end":{"line":601,"column":null}},"416":{"start":{"line":601,"column":46},"end":{"line":601,"column":106}},"417":{"start":{"line":603,"column":4},"end":{"lin
[...]
":53}},"type":"binary-expr","locations":[{"start":{"line":156,"column":24},"end":{"line":156,"column":51}},{"start":{"line":156,"column":51},"end":{"line":156,"column":53}}],"line":156},"30":{"loc":{"start":{"line":161,"column":2},"end":{"line":161,"column":null}},"type":"if","locations":[{"start":{"line":161,"column":2},"end":{"line":161,"column":null}},{"start":{},"end":{}}],"line":161},"31":{"loc":{"start":{"line":161,"column":6},"end":{"line":161,"column":45}},"type":"binary-expr","locations":[{"start":{"line":161,"column":6},"end":{"line":161,"column":21}},{"start":{"line":161,"column":21},"end":{"line":161,"column":35}},{"start":{"line":161,"column":35},"end":{"line":161,"column":45}}],"line":161},"32":{"loc":{"start":{"line":166,"column":11},"end":{"line":166,"column":null}},"type":"binary-expr","locations":[{"start":{"line":166,"column":11},"end":{"line":166,"column":24}},{"start":{"line":166,"column":24},"end":{"line":166,"column":null}}],"line":166},"33":{"loc":{"start":{"line":172,"column":39},"end":{"line":172,"column":54}},"type":"default-arg","locations":[{"start":{"line":172,"column":50},"end":{"line":172,"column":54}}],"line":172},"34":{"loc":{"start":{"line":174,"column":2},"end":{"line":174,"column":null}},"type":"if","locations":[{"start":{"line":174,"column":2},"end":{"line":174,"column":null}},{"start":{},"end":{}}],"line":174},"35":{"loc":{"start":{"line":175,"column":2},"end":{"line":175,"column":null}},"type":"if","locations":[{"start":{"line":175,"column":2},"end":{"line":175,"column":null}},{"start":{},"end":{}}],"line":175},"36":{"loc":{"start":{"line":176,"column":2},"end":{"line":176,"column":null}},"type":"if","locations":[{"start":{"line":176,"column":2},"end":{"line":176,"column":null}},{"start":{},"end":{}}],"line":176},"37":{"loc":{"start":{"line":177,"column":2},"end":{"line":177,"column":null}},"type":"if","locations":[{"start":{"line":177,"column":2},"end":{"line":177,"column":null}},{"start":{},"end":{}}],"line":177},"38":{"loc":{"start":{"line":178,"column":2},"end":{"line":178,"column":null}},"type":"if","locations":[{"start":{"line":178,"column":2},"end":{"line":178,"column":null}},{"start":{},"end":{}}],"line":178},"39":{"loc":{"start":{"line":189,"column":2},"end":{"line":191,"column":null}},"type":"if","locations":[{"start":{"line":189,"column":2},"end":{"line":191,"column":null}},{"start":{},"end":{}}],"line":189},"40":{"loc":{"start":{"line":189,"column":6},"end":{"line":189,"column":60}},"type":"binary-expr","locations":[{"start":{"line":189,"column":6},"end":{"line":189,"column":34}},{"start":{"line":189,"column":34},"end":{"line":189,"column":60}}],"line":189},"41":{"loc":{"start":{"line":195,"column":2},"end":{"line":197,"column":null}},"type":"if","locations":[{"start":{"line":195,"column":2},"end":{"line":197,"column":null}},{"start":{},"end":{}}],"line":195},"42":{"loc":{"start":{"line":199,"column":59},"end":{"line":199,"column":71}},"type":"binary-expr","locations":[{"start":{"line":199,"column":59},"end":{"line":199,"column":69}},{"start":{"line":199,"column":69},"end":{"line":199,"column":71}}],"line":199},"43":{"loc":{"start":{"line":205,"column":8},"end":{"line":205,"column":null}},"type":"if","locations":[{"start":{"line":205,"column":8},"end":{"line":205,"column":null}},{"start":{},"end":{}}],"line":205},"44":{"loc":{"start":{"line":220,"column":2},"end":{"line":220,"column":null}},"type":"if","locations":[{"start":{"line":220,"column":2},"end":{"line":220,"column":null}},{"start":{},"end":{}}],"line":220},"45":{"loc":{"start":{"line":220,"column":6},"end":{"line":220,"column":43}},"type":"binary-expr","locations":[{"start":{"line":220,"column":6},"end":{"line":220,"column":23}},{"start":{"line":220,"column":23},"end":{"line":220,"column":43}}],"line":220},"46":{"loc":{"start":{"line":221,"column":2},"end":{"line":221,"column":null}},"type":"if","locations":[{"start":{"line":221,"column":2},"end":{"line":221,"column":null}},{"start":{},"end":{}}],"line":221},"47":{"loc":{"start":{"line":221,"column":6},"end":{"line":221,"column":56}},"type":"binary-expr","locations":[{"start":{"line":221,"column":6},"end":{"line":221,"column":30}},{"start":{"line":221,"column":30},"end":{"line":221,"column":56}}],"line":221},"48":{"loc":{"start":{"line":222,"column":2},"end":{"line":226,"column":null}},"type":"if","locations":[{"start":{"line":222,"column":2},"end":{"line":226,"column":null}},{"start":{},"end":{}}],"line":222},"49":{"loc":{"start":{"line":223,"column":4},"end":{"line":223,"column":null}},"type":"if","locations":[{"start":{"line":223,"column":4},"end":{"line":223,"column":null}},{"start":{},"end":{}}],"line":223},"50":{"loc":{"start":{"line":224,"column":4},"end":{"line":224,"column":null}},"type":"if","locations":[{"start":{"line":224,"column":4},"end":{"line":224,"column":null}},{"start":{},"end":{}}],"line":224},"51":{"loc":{"start":{"line":225,"column":4},"end":{"line":225,"column":null}},"type":"if","locations":[{"start":{"line":225,"column":4},"end":{"line":225,"column":null}},{"start":{},"end":{}}],"line":225},"52":{"loc":{"start":{"line":234,"column":6},"end":{"line":234,"column":null}},"type":"binary-expr","locations":[{"start":{"line":234,"column":6},"end":{"line":234,"column":50}},{"start":{"line":234,"column":50},"end":{"line":234,"column":null}}],"line":234},"53":{"loc":{"start":{"line":237,"column":6},"end":{"line":239,"column":null}},"type":"binary-expr","locations":[{"start":{"line":237,"column":6},"end":{"line":237,"column":null}},{"start":{"line":238,"column":6},"end":{"line":238,"column":null}},{"start":{"line":239,"column":6},"end":{"line":239,"column":null}}],"line":237},"54":{"loc":{"start":{"line":241,"column":11},"end":{"line":241,"column":null}},"type":"binary-expr","locations":[{"start":{"line":241,"column":11},"end":{"line":241,"column":22}},{"start":{"line":241,"column":22},"end":{"line":241,"column":34}},{"start":{"line":241,"column":34},"end":{"line":241,"column":null}}],"line":241},"55":{"loc":{"start":{"line":249,"column":2},"end":{"line":251,"column":null}},"type":"if","locations":[{"start":{"line":249,"column":2},"end":{"line":251,"column":null}},{"start":{},"end":{}}],"line":249},"56":{"loc":{"start":{"line":253,"column":59},"end":{"line":253,"column":71}},"type":"binary-expr","locations":[{"start":{"line":253,"column":59},"end":{"line":253,"column":69}},{"start":{"line":253,"column":69},"end":{"line":253,"column":71}}],"line":253},"57":{"loc":{"start":{"line":273,"column":2},"end":{"line":275,"column":null}},"type":"if","locations":[{"start":{"line":273,"column":2},"end":{"line":275,"column":null}},{"start":{},"end":{}}],"line":273},"58":{"loc":{"start":{"line":273,"column":6},"end":{"line":273,"column":40}},"type":"binary-expr","locations":[{"start":{"line":273,"column":6},"end":{"line":273,"column":15}},{"start":{"line":273,"column":15},"end":{"line":273,"column":40}}],"line":273},"59":{"loc":{"start":{"line":276,"column":2},"end":{"line":278,"column":null}},"type":"if","locations":[{"start":{"line":276,"column":2},"end":{"line":278,"column":null}},{"start":{},"end":{}}],"line":276},"60":{"loc":{"start":{"line":280,"column":15},"end":{"line":280,"column":null}},"type":"binary-expr","locations":[{"start":{"line":280,"column":15},"end":{"line":280,"column":28}},{"start":{"line":280,"column":28},"end":{"line":280,"column":null}}],"line":280},"61":{"loc":{"start":{"line":281,"column":15},"end":{"line":281,"column":44}},"type":"binary-expr","locations":[{"start":{"line":281,"column":15},"end":{"line":281,"column":40}},{"start":{"line":281,"column":40},"end":{"line":281,"column":44}}],"line":281},"62":{"loc":{"start":{"line":284,"column":2},"end":{"line":286,"column":null}},"type":"if","locations":[{"start":{"line":284,"column":2},"end":{"line":286,"column":null}},{"start":{},"end":{}}],"line":284},"63":{"loc":{"start":{"line":288,"column":17},"end":{"line":290,"column":null}},"type":"cond-expr","locations":[{"start":{"line":289,"column":6},"end":{"line":289,"column":null}},{"start":{"line":290,"column":6},"end":{"line":290,"column":null}}],"line":288}},"s":{"0":2,"1":2,"2":2,"3":2,"4":1043,"5":171,"6":171,"7":872,"8":36,"9":36,"10":90,"11":36,"12":12,"13":25,"14":5,"15":20,"16":20,"17":17,"18":17,"19":25,"20":25,"21":25,"22":1,"23":16,"24":8,"25":8,"26":6,"27":2,"28":2,"29":2,"30":2,"31":2,"32":2,"33":2,"34":14,"35":14,"36":4,"37":14,"38":0,"39":14,"40":4,"41":1,"42":3,"43":16,"44":2,"45":14,"46":0,"47":14,"48":0,"49":0,"50":0,"51":14,"52":14,"53":14,"54":10,"55":4,"56":4,"57":2,"58":2,"59":2,"60":2,"61":2,"62":2,"63":2,"64":0,"65":5,"66":5,"67":5,"68":5,"69":5,"70":5,"71":5,"72":5,"73":5,"74":5,"75":5,"76":5,"77":0,"78":5,"79":8,"80":8,"81":8,"82":8,"83":8,"84":8,"85":0,"86":8,"87":4,"88":4,"89":0,"90":4,"91":0,"92":4,"93":0,"94":4,"95":0,"96":4,"97":0,"98":4,"99":5,"100":5,"101":5,"102":0,"103":5,"104":14,"105":5,"106":5,"107":1,"108":4,"109":13,"110":4,"111":8,"112":8,"113":26,"114":0,"115":26,"116":8,"117":4,"118":45,"119":0,"120":45,"121":0,"122":45,"123":0,"124":0,"125":0,"126":0,"127":0,"128":0,"129":0,"130":45,"131":5,"132":6,"133":10,"134":6,"135":14,"136":6,"137":18,"138":6,"139":0,"140":0,"141":0,"142":0,"143":0,"144":0,"145":0,"146":0,"147":0,"148":0,"149":0,"150":0,"151":0,"152":9,"153":2,"154":7,"155":1,"156":6,"157":9,"158":9,"159":9,"160":1,"161":5,"162":0},"f":{"0":1043,"1":171,"2":872,"3":36,"4":90,"5":12,"6":25,"7":8,"8":14,"9":4,"10":16,"11":5,"12":8,"13":4,"14":5,"15":14,"16":13,"17":8,"18":26,"19":45,"20":0,"21":5,"22":6,"23":10,"24":14,"25":18,"26":0,"27":0,"28":0,"29":0,"30":0,"31":9},"b":{"0":[1043,0],"1":[26,10],"2":[12,12,10],"3":[5,20],"4":[25,24,23],"5":[3,17],"6":[1,2],"7":[17,15],"8":[1,24],"9":[3,13],"10":[6,2],"11":[2,1],"12":[4,10],"13":[0,14],"14":[14,14,14],"15":[1,3],"16":[3,0],"17":[2,14],"18":[0,14],"19":[14,0],"20":[0,14],"21":[10,4],"22":[2,2],"23":[2,0],"24":[5,5],"25":[5,5],"26":[0,5],"27":[5,2,5],"28":[8,0],"29":[8,8],"30":[0,8],"31":[8,8,0],"32":[8,0],"33":[4],"34":[0,4],"35":[0,4],"36":[0,4],"37":[0,4],"38":[0,4],"39":[0,5],"40":[5,0],"41":[1,4],"42":[13,0],"43":[0,26],"44":[0,45],"45":[45,45],"46":[0,45],"47":[45,45],"48":[0,45],"49":[0,0],"50":[0,0],"51":[0,0],"52":[14,10],"53":[18,15,14],"54":[6,4,4],"55":[0,0],"56":[0,0],"57":[2,7],"58":[9,8],"59":[1,6],"60":[6,0],"61":[9,0],"62":[1,8],"63":[5,0]},"meta":{"lastBranch":64,"lastFunction":32,"lastStatement":163,"seen":{"s:7:28:7:Infinity":0,"s:8:29:8:Infinity":1,"s:10:20:23:Infinity":2,"s:25:22:32:Infinity":3,"f:34:9:34:25":0,"s:35:2:35:Infinity":4,"b:35:16:35:25:35:25:35:27":0,"f:38:9:38:23":1,"s:39:21:39:Infinity":5,"s:40:2:40:Infinity":6,"f:40:17:40:23":2,"s:40:33:40:76":7,"f:43:9:43:18":3,"s:44:18:44:Infinity":8,"s:45:14:45:Infinity":9,"f:45:31:45:37":4,"s:45:48:45:78":10,"s:46:2:46:Infinity":11,"b:46:15:46:26:46:26:46:Infinity":1,"f:49:9:49:18":5,"s:50:2:50:Infinity":12,"b:50:9:50:27:50:27:50:50:50:50:50:Infinity":2,"f:53:9:53:21":6,"b:54:2:54:Infinity:undefined:undefined:undefined:undefined":3,"s:54:2:54:Infinity":13,"b:54:6:54:24:54:24:54:47:54:47:54:61":4,"s:54:61:54:Infinity":14,"b:55:2:55:Infinity:undefined:undefined:undefined:undefined":5,"s:55:2:55:Infinity":15,"s:55:33:55:Infinity":16,"b:55:65:55:73:55:73:55:Infinity":6,"s:57:14:57:Infinity":17,"s:58:19:58:Infinity":18,"b:58:19:58:43:58:43:58:Infinity":7,"s:59:21:59:Infinity":19,"s:60:17:60:Infinity":20,"b:61:2:61:Infinity:undefined:undefined:undefined:undefined":8,"s:61:2:61:Infinity":21,"s:61:32:61:Infinity":22,"s:62:2:62:Infinity":23,"b:62:20:62:40:62:40:62:Infinity":9,"f:65:9:65:22":7,"s:66:22:66:Infinity":24,"b:67:2:69:Infinity:undefined:undefined:undefined:undefined":10,"s:67:2:69:Infinity":25,"s:68:4:68:Infinity":26,"s:71:22:71:Infinity":27,"s:72:21:72:Infinity":28,"s:73:20:73:Infinity":29,"s:74:19:74:Infinity":30,"s:75:17:75:Infinity":31,"s:76:16:76:Infinity":32,"s:77:2:77:Infinity":33,"b:77:46:77:59:77:59:77:68":11,"f:80:9:80:19":8,"s:81:10:81:Infinity":34,"b:82:2:82:Infinity:undefined:undefined:undefined:undefined":12,"s:82:2:82:Infinity":35,"s:82:16:82:Infinity":36,"b:83:2:83:Infinity:undefined:undefined:undefined:undefined":13,"s:83:2:83:Infinity":37,"b:83:6:83:12:83:12:83:22:83:22:83:28":14,"s:83:28:83:Infinity":38,"s:84:2:84:Infinity":39,"f:87:9:87:31":9,"b:88:2:88:Infinity:undefined:undefined:undefined:undefined":15,"s:88:2:88:Infinity":40,"s:88:22:88:Infinity":41,"s:91:2:91:Infinity":42,"b:91:25:91:42:91:42:91:Infinity":16,"f:94:9:94:19":10,"b:95:2:95:Infinity:undefined:undefined:undefined:undefined":17,"s:95:2:95:Infinity":43,"s:95:14:95:Infinity":44,"b:96:2:98:Infinity:undefined:undefined:undefined:undefined":18,"s:96:2:98:Infinity":45,"b:96:6:96:31:96:31:96:63":19,"s:97:4:97:Infinity":46,"b:99:2:103:Infinity:undefined:undefined:undefined:undefined":20,"s:99:2:103:Infinity":47,"s:100:23:100:Infinity":48,"s:101:17:101:Infinity":49,"s:102:4:102:Infinity":50,"s:105:15:105:Infinity":51,"s:107:14:107:Infinity":52,"b:108:2:110:Infinity:undefined:undefined:undefined:undefined":21,"s:108:2:110:Infinity":53,"s:109:4:109:Infinity":54,"s:113:2:113:Infinity":55,"b:114:2:117:Infinity:undefined:undefined:undefined:undefined":22,"s:114:2:117:Infinity":56,"s:115:20:115:Infinity":57,"s:116:4:116:Infinity":58,"s:120:2:120:Infinity":59,"b:121:2:125:Infinity:undefined:undefined:undefined:undefined":23,"s:121:2:125:Infinity":60,"s:122:18:122:Infinity":61,"s:123:20:123:Infinity":62,"s:124:4:124:Infinity":63,"s:127:2:127:Infinity":64,"f:130:15:130:29":11,"s:131:17:131:Infinity":65,"s:132:16:132:Infinity":66,"s:134:15:134:Infinity":67,"s:135:8:135:Infinity":68,"b:135:21:135:46:135:46:135:50":24,"s:136:28:136:Infinity":69,"s:138:15:138:Infinity":70,"s:139:17:139:Infinity":71,"s:140:2:145:Infinity":72,"s:141:4:141:Infinity":73,"s:142:4:142:Infinity":74,"b:142:16:142:43:142:43:142:47":25,"s:146:27:146:Infinity":75,"b:148:2:150:Infinity:undefined:undefined:undefined:undefined":26,"s:148:2:150:Infinity":76,"b:148:7:148:29:148:29:148:50:148:50:148:72":27,"s:149:4:149:Infinity":77,"s:151:2:151:Infinity":78,"f:154:9:154:30":12,"s:155:16:155:Infinity":79,"b:155:23:155:49:155:49:155:51":28,"s:156:17:156:Infinity":80,"b:156:24:156:51:156:51:156:53":29,"s:157:20:157:Infinity":81,"s:158:32:158:Infinity":82,"s:159:15:159:Infinity":83,"b:161:2:161:Infinity:undefined:undefined:undefined:undefined":30,"s:161:2:161:Infinity":84,"b:161:6:161:21:161:21:161:35:161:35:161:45":31,"s:161:45:161:Infinity":85,"s:163:2:169:Infinity":86,"b:166:11:166:24:166:24:166:Infinity":32,"f:172:9:172:20":13,"b:172:50:172:54":33,"s:173:15:173:Infinity":87,"b:174:2:174:Infinity:undefined:undefined:undefined:undefined":34,"s:174:2:174:Infinity":88,"s:174:58:174:Infinity":89,"b:175:2:175:Infinity:undefined:undefined:undefined:undefined":35,"s:175:2:175:Infinity":90,"s:175:35:175:Infinity":91,"b:176:2:176:Infinity:undefined:undefined:undefined:undefined":36,"s:176:2:176:Infinity":92,"s:176:24:176:Infinity":93,"b:177:2:177:Infinity:undefined:undefined:undefined:undefined":37,"s:177:2:177:Infinity":94,"s:177:40:177:Infinity":95,"b:178:2:178:Infinity:undefined:undefined:undefined:undefined":38,"s:178:2:178:Infinity":96,"s:178:41:178:Infinity":97,"s:179:2:179:Infinity":98,"f:182:15:182:28":14,"s:183:18:183:Infinity":99,"s:184:17:187:Infinity":100,"b:189:2:191:Infinity:undefined:undefined:undefined:undefined":39,"s:189:2:191:Infinity":101,"b:189:6:189:34:189:34:189:60":40,"s:190:4:190:Infinity":102,"s:193:15:193:Infinity":103,"f:193:27:193:32":15,"s:193:40:193:60":104,"s:194:22:194:Infinity":105,"b:195:2:197:Infinity:undefined:undefined:undefined:undefined":41,"s:195:2:197:Infinity":106,"s:196:4:196:Infinity":107,"s:199:18:199:Infinity":108,"f:199:36:199:41":16,"s:199:52:199:79":109,"b:199:59:199:69:199:69:199:71":42,"s:200:23:210:Infinity":110,"f:202:5:202:10":17,"s:203:18:203:Infinity":111,"s:204:6:207:Infinity":112,"f:204:14:204:23":18,"b:205:8:205:Infinity:undefined:undefined:undefined:undefined":43,"s:205:8:205:Infinity":113,"s:205:21:205:Infinity":114,"s:206:8:206:Infinity":115,"s:208:6:208:Infinity":116,"s:212:2:216:Infinity":117,"f:219:9:219:21":19,"b:220:2:220:Infinity:undefined:undefined:undefined:undefined":44,"s:220:2:220:Infinity":118,"b:220:6:220:23:220:23:220:43":45,"s:220:43:220:Infinity":119,"b:221:2:221:Infinity:undefined:undefined:undefined:undefined":46,"s:221:2:221:Infinity":120,"b:221:6:221:30:221:30:221:56":47,"s:221:56:221:Infinity":121,"b:222:2:226:Infinity:undefined:undefined:undefined:undefined":48,"s:222:2:226:Infinity":122,"b:223:4:223:Infinity:undefined:undefined:undefined:undefined":49,"s:223:4:223:Infinity":123,"s:223:19:223:Infinity":124,"b:224:4:224:Infinity:undefined:undefined:undefined:undefined":50,"s:224:4:224:Infinity":125,"s:224:35:224:Infinity":126,"b:225:4:225:Infinity:undefined:undefined:undefined:undefined":51,"s:225:4:225:Infinity":127,"s:225:23:225:Infinity":128,"f:225:44:225:49":20,"s:225:58:225:67":129,"s:227:2:227:Infinity":130,"f:230:9:230:25":21,"s:231:2:242:Infinity":131,"f:231:14:231:25":22,"s:232:20:232:Infinity":132,"f:232:24:232:30":23,"s:232:39:232:78":133,"s:233:21:235:Infinity":134,"f:233:25:233:31":24,"s:234:6:234:Infinity":135,"b:234:6:234:50:234:50:234:Infinity":52,"s:236:22:240:Infinity":136,"f:236:26:236:32":25,"s:237:6:239:Infinity":137,"b:237:6:237:Infinity:238:6:238:Infinity:239:6:239:Infinity":53,"s:241:4:241:Infinity":138,"b:241:11:241:22:241:22:241:34:241:34:241:Infinity":54,"f:245:15:245:30":26,"s:246:8:246:Infinity":139,"f:246:42:246:47":27,"s:246:55:246:75":140,"s:248:22:248:Infinity":141,"b:249:2:251:Infinity:undefined:undefined:undefined:undefined":55,"s:249:2:251:Infinity":142,"s:250:4:250:Infinity":143,"s:253:18:253:Infinity":144,"f:253:36:253:41":28,"s:253:52:253:79":145,"b:253:59:253:69:253:69:253:71":56,"s:254:23:263:Infinity":146,"f:256:5:256:10":29,"s:257:18:257:Infinity":147,"s:258:6:260:Infinity":148,"f:258:14:258:23":30,"s:259:8:259:Infinity":149,"s:261:6:261:Infinity":150,"s:265:2:269:Infinity":151,"f:272:15:272:34":31,"b:273:2:275:Infinity:undefined:undefined:undefined:undefined":57,"s:273:2:275:Infinity":152,"b:273:6:273:15:273:15:273:40":58,"s:274:4:274:Infinity":153,"b:276:2:278:Infinity:undefined:undefined:undefined:undefined":59,"s:276:2:278:Infinity":154,"s:277:4:277:Infinity":155,"s:280:15:280:Infinity":156,"b:280:15:280:28:280:28:280:Infinity":60,"s:281:8:281:Infinity":157,"b:281:15:281:40:281:40:281:44":61,"s:282:20:282:Infinity":158,"b:284:2:286:Infinity:undefined:undefined:undefined:undefined":62,"s:284:2:286:Infinity":159,"s:285:4:285:Infinity":160,"s:288:17:290:Infinity":161,"b:289:6:289:Infinity:290:6:290:Infinity":63,"s:292:2:296:Infinity":162}}}
,"C:\\Users\\Icezaza\\Documents\\GitHub\\FinDashAI\\src\\utils\\formatters.js": {"path":"C:\\Users\\Icezaza\\Documents\\GitHub\\FinDashAI\\src\\utils\\formatters.js","statementMap":{"0":{"start":{"line":3,"column":30},"end":{"line":7,"column":null}},"1":{"start":{"line":9,"column":31},"end":{"line":11,"column":null}},"2":{"start":{"line":14,"column":2},"end":{"line":14,"column":null}},"3":{"start":{"line":18,"column":2},"end":{"line":18,"column":null}},"4":{"start":{"line":22,"column":2},"end":{"line":22,"column":null}}},"fnMap":{"0":{"name":"formatMoney","decl":{"start":{"line":13,"column":16},"end":{"line":13,"column":28}},"loc":{"start":{"line":13,"column":35},"end":{"line":15,"column":null}},"line":13},"1":{"name":"formatPlain","decl":{"start":{"line":17,"column":16},"end":{"line":17,"column":28}},"loc":{"start":{"line":17,"column":35},"end":{"line":19,"column":null}},"line":17},"2":{"name":"scaleMoney","decl":{"start":{"line":21,"column":16},"end":{"line":21,"column":27}},"loc":{"start":{"line":21,"column":41},"end":{"line":23,"column":null}},"line":21}},"branchMap":{},"s":{"0":1,"1":1,"2":4,"3":2,"4":2},"f":{"0":4,"1":2,"2":2},"b":{},"meta":{"lastBranch":0,"lastFunction":3,"lastStatement":5,"seen":{"s:3:30:7:Infinity":0,"s:9:31:11:Infinity":1,"f:13:16:13:28":0,"s:14:2:14:Infinity":2,"f:17:16:17:28":1,"s:18:2:18:Infinity":3,"f:21:16:21:27":2,"s:22:2:22:Infinity":4}}}
}
